<?xml version="1.0" encoding="utf-8"?>
<CoverageSession xmlns:xsd="http://www.w3.org/2001/XMLSchema" xmlns:xsi="http://www.w3.org/2001/XMLSchema-instance" Version="0.0.0.0">
  <Summary numSequencePoints="1884" visitedSequencePoints="303" numBranchPoints="0" visitedBranchPoints="0" sequenceCoverage="16.08" branchCoverage="0.0" maxCyclomaticComplexity="0" minCyclomaticComplexity="0" maxCrapScore="0" minCrapScore="0" visitedClasses="9" numClasses="56" visitedMethods="24" numMethods="201" />
  <Modules>
    <Module>
      <Summary numSequencePoints="303" visitedSequencePoints="0" numBranchPoints="0" visitedBranchPoints="0" sequenceCoverage="0.0" branchCoverage="0.0" maxCyclomaticComplexity="0" minCyclomaticComplexity="0" maxCrapScore="0" minCrapScore="0" visitedClasses="0" numClasses="9" visitedMethods="0" numMethods="38" />
      <ModuleTime>0001-01-01T00:00:00</ModuleTime>
      <ModuleName>Fusion.Unity</ModuleName>
      <Files>
        <File uid="28" fullPath="E:/Project/Unity_Project/Thief-Simulator/Assets/Photon/Fusion/Runtime/Fusion.Unity.cs" />
        <File uid="29" fullPath="E:/Project/Unity_Project/Thief-Simulator/Assets/Photon/Fusion/Runtime/FusionBasicBillboard.cs" />
        <File uid="30" fullPath="E:/Project/Unity_Project/Thief-Simulator/Assets/Photon/Fusion/Runtime/FusionBootstrap.cs" />
        <File uid="31" fullPath="E:/Project/Unity_Project/Thief-Simulator/Assets/Photon/Fusion/Runtime/FusionBootstrapDebugGUI.cs" />
        <File uid="32" fullPath="E:/Project/Unity_Project/Thief-Simulator/Assets/Photon/Fusion/Runtime/NetworkCharacterController.cs" />
        <File uid="33" fullPath="E:/Project/Unity_Project/Thief-Simulator/Assets/Photon/Fusion/Runtime/NetworkObjectProviderDefault.cs" />
        <File uid="34" fullPath="E:/Project/Unity_Project/Thief-Simulator/Assets/Photon/Fusion/Runtime/NetworkSceneManagerDefault.cs" />
        <File uid="35" fullPath="E:/Project/Unity_Project/Thief-Simulator/Assets/Photon/Fusion/Runtime/Utilities/RunnerVisibility/EnableOnSingleRunner.cs" />
        <File uid="36" fullPath="E:/Project/Unity_Project/Thief-Simulator/Assets/Photon/Fusion/Runtime/Utilities/RunnerVisibility/RunnerAOIGizmos.cs" />
        <File uid="37" fullPath="E:/Project/Unity_Project/Thief-Simulator/Assets/Photon/Fusion/Runtime/Utilities/RunnerVisibility/RunnerEnableVisibility.cs" />
        <File uid="38" fullPath="E:/Project/Unity_Project/Thief-Simulator/Assets/Photon/Fusion/Runtime/Utilities/RunnerVisibility/RunnerLagCompensationGizmos.cs" />
        <File uid="39" fullPath="E:/Project/Unity_Project/Thief-Simulator/Assets/Photon/Fusion/Runtime/Utilities/RunnerVisibility/RunnerVisibilityLink.cs" />
        <File uid="40" fullPath="E:/Project/Unity_Project/Thief-Simulator/Assets/Photon/Fusion/Runtime/Utilities/RunnerVisibility/RunnerVisibilityLinksRoot.cs" />
        <File uid="41" fullPath="E:/Project/Unity_Project/Thief-Simulator/Assets/Photon/Fusion/Runtime/Statistics/FusionNetworkObjectStatistics.cs" />
        <File uid="42" fullPath="E:/Project/Unity_Project/Thief-Simulator/Assets/Photon/Fusion/Runtime/Statistics/FusionNetworkObjectStatsGraph.cs" />
        <File uid="43" fullPath="E:/Project/Unity_Project/Thief-Simulator/Assets/Photon/Fusion/Runtime/Statistics/FusionNetworkObjectStatsGraphCombine.cs" />
        <File uid="44" fullPath="E:/Project/Unity_Project/Thief-Simulator/Assets/Photon/Fusion/Runtime/Statistics/FusionStatistics.cs" />
        <File uid="45" fullPath="E:/Project/Unity_Project/Thief-Simulator/Assets/Photon/Fusion/Runtime/Statistics/FusionStatsCanvas.cs" />
        <File uid="46" fullPath="E:/Project/Unity_Project/Thief-Simulator/Assets/Photon/Fusion/Runtime/Statistics/FusionStatsConfig.cs" />
        <File uid="47" fullPath="E:/Project/Unity_Project/Thief-Simulator/Assets/Photon/Fusion/Runtime/Statistics/FusionStatsGraphDefault.cs" />
        <File uid="48" fullPath="E:/Project/Unity_Project/Thief-Simulator/Assets/Photon/Fusion/Runtime/Statistics/FusionStatsPanelHeader.cs" />
        <File uid="49" fullPath="E:/Project/Unity_Project/Thief-Simulator/Assets/Photon/Fusion/Runtime/Statistics/FusionStatsWorldAnchor.cs" />
      </Files>
      <Classes>
        <Class>
          <Summary numSequencePoints="110" visitedSequencePoints="0" numBranchPoints="0" visitedBranchPoints="0" sequenceCoverage="0.0" branchCoverage="0.0" maxCyclomaticComplexity="0" minCyclomaticComplexity="0" maxCrapScore="0" minCrapScore="0" visitedClasses="0" numClasses="1" visitedMethods="0" numMethods="10" />
          <FullName>Fusion.NetworkAssetSourceResource[T]</FullName>
          <Methods>
            <Method visited="false" cyclomaticComplexity="0" nPathComplexity="0" sequenceCoverage="0.0" branchCoverage="0" crapScore="0" isConstructor="false" isStatic="false" isGetter="false" isSetter="false">
              <Summary numSequencePoints="7" visitedSequencePoints="0" numBranchPoints="0" visitedBranchPoints="0" sequenceCoverage="0.0" branchCoverage="0" maxCyclomaticComplexity="0" minCyclomaticComplexity="0" maxCrapScore="0" minCrapScore="0" visitedClasses="0" numClasses="0" visitedMethods="0" numMethods="1" />
              <MetadataToken>100663299</MetadataToken>
              <Name>System.Void Fusion.NetworkAssetSourceResource[T]::Acquire(System.Boolean)</Name>
              <FileRef uid="28" />
              <SequencePoints>
                <SequencePoint vc="0" uspid="25908" ordinal="0" offset="0" sl="193" sc="0" el="193" ec="0" bec="0" bev="0" fileid="28" />
                <SequencePoint vc="0" uspid="25909" ordinal="0" offset="1" sl="194" sc="0" el="194" ec="0" bec="0" bev="0" fileid="28" />
                <SequencePoint vc="0" uspid="25910" ordinal="0" offset="14" sl="194" sc="0" el="194" ec="0" bec="0" bev="0" fileid="28" />
                <SequencePoint vc="0" uspid="25911" ordinal="0" offset="15" sl="195" sc="0" el="195" ec="0" bec="0" bev="0" fileid="28" />
                <SequencePoint vc="0" uspid="25912" ordinal="0" offset="23" sl="196" sc="0" el="196" ec="0" bec="0" bev="0" fileid="28" />
                <SequencePoint vc="0" uspid="25913" ordinal="0" offset="24" sl="197" sc="0" el="197" ec="0" bec="0" bev="0" fileid="28" />
                <SequencePoint vc="0" uspid="25914" ordinal="0" offset="38" sl="198" sc="0" el="198" ec="0" bec="0" bev="0" fileid="28" />
              </SequencePoints>
              <BranchPoints />
            </Method>
            <Method visited="false" cyclomaticComplexity="0" nPathComplexity="0" sequenceCoverage="0.0" branchCoverage="0" crapScore="0" isConstructor="false" isStatic="false" isGetter="false" isSetter="false">
              <Summary numSequencePoints="9" visitedSequencePoints="0" numBranchPoints="0" visitedBranchPoints="0" sequenceCoverage="0.0" branchCoverage="0" maxCyclomaticComplexity="0" minCyclomaticComplexity="0" maxCrapScore="0" minCrapScore="0" visitedClasses="0" numClasses="0" visitedMethods="0" numMethods="1" />
              <MetadataToken>100663300</MetadataToken>
              <Name>System.Void Fusion.NetworkAssetSourceResource[T]::Release()</Name>
              <FileRef uid="28" />
              <SequencePoints>
                <SequencePoint vc="0" uspid="25915" ordinal="0" offset="0" sl="205" sc="0" el="205" ec="0" bec="0" bev="0" fileid="28" />
                <SequencePoint vc="0" uspid="25916" ordinal="0" offset="1" sl="206" sc="0" el="206" ec="0" bec="0" bev="0" fileid="28" />
                <SequencePoint vc="0" uspid="25917" ordinal="0" offset="17" sl="206" sc="0" el="206" ec="0" bec="0" bev="0" fileid="28" />
                <SequencePoint vc="0" uspid="25918" ordinal="0" offset="18" sl="207" sc="0" el="207" ec="0" bec="0" bev="0" fileid="28" />
                <SequencePoint vc="0" uspid="25919" ordinal="0" offset="29" sl="209" sc="0" el="209" ec="0" bec="0" bev="0" fileid="28" />
                <SequencePoint vc="0" uspid="25920" ordinal="0" offset="53" sl="209" sc="0" el="209" ec="0" bec="0" bev="0" fileid="28" />
                <SequencePoint vc="0" uspid="25921" ordinal="0" offset="54" sl="210" sc="0" el="210" ec="0" bec="0" bev="0" fileid="28" />
                <SequencePoint vc="0" uspid="25922" ordinal="0" offset="61" sl="211" sc="0" el="211" ec="0" bec="0" bev="0" fileid="28" />
                <SequencePoint vc="0" uspid="25923" ordinal="0" offset="62" sl="212" sc="0" el="212" ec="0" bec="0" bev="0" fileid="28" />
              </SequencePoints>
              <BranchPoints />
            </Method>
            <Method visited="false" cyclomaticComplexity="0" nPathComplexity="0" sequenceCoverage="0.0" branchCoverage="0" crapScore="0" isConstructor="false" isStatic="false" isGetter="true" isSetter="false">
              <Summary numSequencePoints="9" visitedSequencePoints="0" numBranchPoints="0" visitedBranchPoints="0" sequenceCoverage="0.0" branchCoverage="0" maxCyclomaticComplexity="0" minCyclomaticComplexity="0" maxCrapScore="0" minCrapScore="0" visitedClasses="0" numClasses="0" visitedMethods="0" numMethods="1" />
              <MetadataToken>100663301</MetadataToken>
              <Name>System.Boolean Fusion.NetworkAssetSourceResource[T]::get_IsCompleted()</Name>
              <FileRef uid="28" />
              <SequencePoints>
                <SequencePoint vc="0" uspid="25924" ordinal="0" offset="0" sl="218" sc="0" el="218" ec="0" bec="0" bev="0" fileid="28" />
                <SequencePoint vc="0" uspid="25925" ordinal="0" offset="1" sl="219" sc="0" el="219" ec="0" bec="0" bev="0" fileid="28" />
                <SequencePoint vc="0" uspid="25926" ordinal="0" offset="14" sl="219" sc="0" el="219" ec="0" bec="0" bev="0" fileid="28" />
                <SequencePoint vc="0" uspid="25927" ordinal="0" offset="15" sl="221" sc="0" el="221" ec="0" bec="0" bev="0" fileid="28" />
                <SequencePoint vc="0" uspid="25928" ordinal="0" offset="19" sl="224" sc="0" el="224" ec="0" bec="0" bev="0" fileid="28" />
                <SequencePoint vc="0" uspid="25929" ordinal="0" offset="50" sl="224" sc="0" el="224" ec="0" bec="0" bev="0" fileid="28" />
                <SequencePoint vc="0" uspid="25930" ordinal="0" offset="51" sl="226" sc="0" el="226" ec="0" bec="0" bev="0" fileid="28" />
                <SequencePoint vc="0" uspid="25931" ordinal="0" offset="55" sl="229" sc="0" el="229" ec="0" bec="0" bev="0" fileid="28" />
                <SequencePoint vc="0" uspid="25932" ordinal="0" offset="59" sl="230" sc="0" el="230" ec="0" bec="0" bev="0" fileid="28" />
              </SequencePoints>
              <BranchPoints />
            </Method>
            <Method visited="false" cyclomaticComplexity="0" nPathComplexity="0" sequenceCoverage="0.0" branchCoverage="0" crapScore="0" isConstructor="false" isStatic="false" isGetter="false" isSetter="false">
              <Summary numSequencePoints="25" visitedSequencePoints="0" numBranchPoints="0" visitedBranchPoints="0" sequenceCoverage="0.0" branchCoverage="0" maxCyclomaticComplexity="0" minCyclomaticComplexity="0" maxCrapScore="0" minCrapScore="0" visitedClasses="0" numClasses="0" visitedMethods="0" numMethods="1" />
              <MetadataToken>100663302</MetadataToken>
              <Name>T Fusion.NetworkAssetSourceResource[T]::WaitForResult()</Name>
              <FileRef uid="28" />
              <SequencePoints>
                <SequencePoint vc="0" uspid="25933" ordinal="0" offset="0" sl="237" sc="0" el="237" ec="0" bec="0" bev="0" fileid="28" />
                <SequencePoint vc="0" uspid="25934" ordinal="0" offset="1" sl="238" sc="0" el="238" ec="0" bec="0" bev="0" fileid="28" />
                <SequencePoint vc="0" uspid="25935" ordinal="0" offset="21" sl="239" sc="0" el="239" ec="0" bec="0" bev="0" fileid="28" />
                <SequencePoint vc="0" uspid="25936" ordinal="0" offset="41" sl="239" sc="0" el="239" ec="0" bec="0" bev="0" fileid="28" />
                <SequencePoint vc="0" uspid="25937" ordinal="0" offset="42" sl="240" sc="0" el="240" ec="0" bec="0" bev="0" fileid="28" />
                <SequencePoint vc="0" uspid="25938" ordinal="0" offset="54" sl="240" sc="0" el="240" ec="0" bec="0" bev="0" fileid="28" />
                <SequencePoint vc="0" uspid="25939" ordinal="0" offset="55" sl="241" sc="0" el="241" ec="0" bec="0" bev="0" fileid="28" />
                <SequencePoint vc="0" uspid="25940" ordinal="0" offset="63" sl="242" sc="0" el="242" ec="0" bec="0" bev="0" fileid="28" />
                <SequencePoint vc="0" uspid="25941" ordinal="0" offset="66" sl="242" sc="0" el="242" ec="0" bec="0" bev="0" fileid="28" />
                <SequencePoint vc="0" uspid="25942" ordinal="0" offset="67" sl="244" sc="0" el="244" ec="0" bec="0" bev="0" fileid="28" />
                <SequencePoint vc="0" uspid="25943" ordinal="0" offset="74" sl="245" sc="0" el="245" ec="0" bec="0" bev="0" fileid="28" />
                <SequencePoint vc="0" uspid="25944" ordinal="0" offset="82" sl="246" sc="0" el="246" ec="0" bec="0" bev="0" fileid="28" />
                <SequencePoint vc="0" uspid="25945" ordinal="0" offset="83" sl="247" sc="0" el="247" ec="0" bec="0" bev="0" fileid="28" />
                <SequencePoint vc="0" uspid="25946" ordinal="0" offset="84" sl="249" sc="0" el="249" ec="0" bec="0" bev="0" fileid="28" />
                <SequencePoint vc="0" uspid="25947" ordinal="0" offset="99" sl="249" sc="0" el="249" ec="0" bec="0" bev="0" fileid="28" />
                <SequencePoint vc="0" uspid="25948" ordinal="0" offset="100" sl="250" sc="0" el="250" ec="0" bec="0" bev="0" fileid="28" />
                <SequencePoint vc="0" uspid="25949" ordinal="0" offset="138" sl="253" sc="0" el="253" ec="0" bec="0" bev="0" fileid="28" />
                <SequencePoint vc="0" uspid="25950" ordinal="0" offset="170" sl="253" sc="0" el="253" ec="0" bec="0" bev="0" fileid="28" />
                <SequencePoint vc="0" uspid="25951" ordinal="0" offset="171" sl="254" sc="0" el="254" ec="0" bec="0" bev="0" fileid="28" />
                <SequencePoint vc="0" uspid="25952" ordinal="0" offset="176" sl="257" sc="0" el="257" ec="0" bec="0" bev="0" fileid="28" />
                <SequencePoint vc="0" uspid="25953" ordinal="0" offset="198" sl="257" sc="0" el="257" ec="0" bec="0" bev="0" fileid="28" />
                <SequencePoint vc="0" uspid="25954" ordinal="0" offset="199" sl="258" sc="0" el="258" ec="0" bec="0" bev="0" fileid="28" />
                <SequencePoint vc="0" uspid="25955" ordinal="0" offset="206" sl="259" sc="0" el="259" ec="0" bec="0" bev="0" fileid="28" />
                <SequencePoint vc="0" uspid="25956" ordinal="0" offset="212" sl="262" sc="0" el="262" ec="0" bec="0" bev="0" fileid="28" />
                <SequencePoint vc="0" uspid="25957" ordinal="0" offset="250" sl="263" sc="0" el="263" ec="0" bec="0" bev="0" fileid="28" />
              </SequencePoints>
              <BranchPoints />
            </Method>
            <Method visited="false" cyclomaticComplexity="0" nPathComplexity="0" sequenceCoverage="0.0" branchCoverage="0" crapScore="0" isConstructor="false" isStatic="false" isGetter="false" isSetter="false">
              <Summary numSequencePoints="15" visitedSequencePoints="0" numBranchPoints="0" visitedBranchPoints="0" sequenceCoverage="0.0" branchCoverage="0" maxCyclomaticComplexity="0" minCyclomaticComplexity="0" maxCrapScore="0" minCrapScore="0" visitedClasses="0" numClasses="0" visitedMethods="0" numMethods="1" />
              <MetadataToken>100663303</MetadataToken>
              <Name>System.Void Fusion.NetworkAssetSourceResource[T]::FinishAsyncOp(UnityEngine.ResourceRequest)</Name>
              <FileRef uid="28" />
              <SequencePoints>
                <SequencePoint vc="0" uspid="25958" ordinal="0" offset="0" sl="265" sc="0" el="265" ec="0" bec="0" bev="0" fileid="28" />
                <SequencePoint vc="0" uspid="25959" ordinal="0" offset="1" sl="266" sc="0" el="266" ec="0" bec="0" bev="0" fileid="28" />
                <SequencePoint vc="0" uspid="25960" ordinal="0" offset="2" sl="267" sc="0" el="267" ec="0" bec="0" bev="0" fileid="28" />
                <SequencePoint vc="0" uspid="25961" ordinal="0" offset="46" sl="268" sc="0" el="268" ec="0" bec="0" bev="0" fileid="28" />
                <SequencePoint vc="0" uspid="25962" ordinal="0" offset="56" sl="268" sc="0" el="268" ec="0" bec="0" bev="0" fileid="28" />
                <SequencePoint vc="0" uspid="25963" ordinal="0" offset="57" sl="269" sc="0" el="269" ec="0" bec="0" bev="0" fileid="28" />
                <SequencePoint vc="0" uspid="25964" ordinal="0" offset="64" sl="270" sc="0" el="270" ec="0" bec="0" bev="0" fileid="28" />
                <SequencePoint vc="0" uspid="25965" ordinal="0" offset="67" sl="270" sc="0" el="270" ec="0" bec="0" bev="0" fileid="28" />
                <SequencePoint vc="0" uspid="25966" ordinal="0" offset="68" sl="271" sc="0" el="271" ec="0" bec="0" bev="0" fileid="28" />
                <SequencePoint vc="0" uspid="25967" ordinal="0" offset="101" sl="273" sc="0" el="273" ec="0" bec="0" bev="0" fileid="28" />
                <SequencePoint vc="0" uspid="25968" ordinal="0" offset="104" sl="273" sc="0" el="273" ec="0" bec="0" bev="0" fileid="28" />
                <SequencePoint vc="0" uspid="25969" ordinal="0" offset="105" sl="273" sc="0" el="273" ec="0" bec="0" bev="0" fileid="28" />
                <SequencePoint vc="0" uspid="25970" ordinal="0" offset="106" sl="274" sc="0" el="274" ec="0" bec="0" bev="0" fileid="28" />
                <SequencePoint vc="0" uspid="25971" ordinal="0" offset="118" sl="275" sc="0" el="275" ec="0" bec="0" bev="0" fileid="28" />
                <SequencePoint vc="0" uspid="25972" ordinal="0" offset="121" sl="276" sc="0" el="276" ec="0" bec="0" bev="0" fileid="28" />
              </SequencePoints>
              <BranchPoints />
            </Method>
            <Method visited="false" cyclomaticComplexity="0" nPathComplexity="0" sequenceCoverage="0.0" branchCoverage="0" crapScore="0" isConstructor="false" isStatic="true" isGetter="false" isSetter="false">
              <Summary numSequencePoints="13" visitedSequencePoints="0" numBranchPoints="0" visitedBranchPoints="0" sequenceCoverage="0.0" branchCoverage="0" maxCyclomaticComplexity="0" minCyclomaticComplexity="0" maxCrapScore="0" minCrapScore="0" visitedClasses="0" numClasses="0" visitedMethods="0" numMethods="1" />
              <MetadataToken>100663304</MetadataToken>
              <Name>static T Fusion.NetworkAssetSourceResource[T]::LoadNamedResource(System.String, System.String)</Name>
              <FileRef uid="28" />
              <SequencePoints>
                <SequencePoint vc="0" uspid="25973" ordinal="0" offset="0" sl="278" sc="0" el="278" ec="0" bec="0" bev="0" fileid="28" />
                <SequencePoint vc="0" uspid="25974" ordinal="0" offset="1" sl="279" sc="0" el="279" ec="0" bec="0" bev="0" fileid="28" />
                <SequencePoint vc="0" uspid="25975" ordinal="0" offset="8" sl="281" sc="0" el="281" ec="0" bec="0" bev="0" fileid="28" />
                <SequencePoint vc="0" uspid="25976" ordinal="0" offset="12" sl="281" sc="0" el="281" ec="0" bec="0" bev="0" fileid="28" />
                <SequencePoint vc="0" uspid="25977" ordinal="0" offset="13" sl="282" sc="0" el="282" ec="0" bec="0" bev="0" fileid="28" />
                <SequencePoint vc="0" uspid="25978" ordinal="0" offset="21" sl="283" sc="0" el="283" ec="0" bec="0" bev="0" fileid="28" />
                <SequencePoint vc="0" uspid="25979" ordinal="0" offset="43" sl="283" sc="0" el="283" ec="0" bec="0" bev="0" fileid="28" />
                <SequencePoint vc="0" uspid="25980" ordinal="0" offset="44" sl="284" sc="0" el="284" ec="0" bec="0" bev="0" fileid="28" />
                <SequencePoint vc="0" uspid="25981" ordinal="0" offset="49" sl="286" sc="0" el="286" ec="0" bec="0" bev="0" fileid="28" />
                <SequencePoint vc="0" uspid="25982" ordinal="0" offset="50" sl="281" sc="0" el="281" ec="0" bec="0" bev="0" fileid="28" />
                <SequencePoint vc="0" uspid="25983" ordinal="0" offset="54" sl="281" sc="0" el="281" ec="0" bec="0" bev="0" fileid="28" />
                <SequencePoint vc="0" uspid="25984" ordinal="0" offset="66" sl="288" sc="0" el="288" ec="0" bec="0" bev="0" fileid="28" />
                <SequencePoint vc="0" uspid="25985" ordinal="0" offset="80" sl="289" sc="0" el="289" ec="0" bec="0" bev="0" fileid="28" />
              </SequencePoints>
              <BranchPoints />
            </Method>
            <Method visited="false" cyclomaticComplexity="0" nPathComplexity="0" sequenceCoverage="0.0" branchCoverage="0" crapScore="0" isConstructor="false" isStatic="false" isGetter="false" isSetter="false">
              <Summary numSequencePoints="20" visitedSequencePoints="0" numBranchPoints="0" visitedBranchPoints="0" sequenceCoverage="0.0" branchCoverage="0" maxCyclomaticComplexity="0" minCyclomaticComplexity="0" maxCrapScore="0" minCrapScore="0" visitedClasses="0" numClasses="0" visitedMethods="0" numMethods="1" />
              <MetadataToken>100663305</MetadataToken>
              <Name>System.Void Fusion.NetworkAssetSourceResource[T]::LoadInternal(System.Boolean)</Name>
              <FileRef uid="28" />
              <SequencePoints>
                <SequencePoint vc="0" uspid="25986" ordinal="0" offset="0" sl="291" sc="0" el="291" ec="0" bec="0" bev="0" fileid="28" />
                <SequencePoint vc="0" uspid="25987" ordinal="0" offset="1" sl="292" sc="0" el="292" ec="0" bec="0" bev="0" fileid="28" />
                <SequencePoint vc="0" uspid="25988" ordinal="0" offset="21" sl="293" sc="0" el="293" ec="0" bec="0" bev="0" fileid="28" />
                <SequencePoint vc="0" uspid="25989" ordinal="0" offset="22" sl="294" sc="0" el="294" ec="0" bec="0" bev="0" fileid="28" />
                <SequencePoint vc="0" uspid="25990" ordinal="0" offset="27" sl="294" sc="0" el="294" ec="0" bec="0" bev="0" fileid="28" />
                <SequencePoint vc="0" uspid="25991" ordinal="0" offset="28" sl="295" sc="0" el="295" ec="0" bec="0" bev="0" fileid="28" />
                <SequencePoint vc="0" uspid="25992" ordinal="0" offset="82" sl="296" sc="0" el="296" ec="0" bec="0" bev="0" fileid="28" />
                <SequencePoint vc="0" uspid="25993" ordinal="0" offset="85" sl="296" sc="0" el="296" ec="0" bec="0" bev="0" fileid="28" />
                <SequencePoint vc="0" uspid="25994" ordinal="0" offset="86" sl="297" sc="0" el="297" ec="0" bec="0" bev="0" fileid="28" />
                <SequencePoint vc="0" uspid="25995" ordinal="0" offset="103" sl="298" sc="0" el="298" ec="0" bec="0" bev="0" fileid="28" />
                <SequencePoint vc="0" uspid="25996" ordinal="0" offset="104" sl="300" sc="0" el="300" ec="0" bec="0" bev="0" fileid="28" />
                <SequencePoint vc="0" uspid="25997" ordinal="0" offset="117" sl="300" sc="0" el="300" ec="0" bec="0" bev="0" fileid="28" />
                <SequencePoint vc="0" uspid="25998" ordinal="0" offset="118" sl="301" sc="0" el="301" ec="0" bec="0" bev="0" fileid="28" />
                <SequencePoint vc="0" uspid="25999" ordinal="0" offset="156" sl="302" sc="0" el="302" ec="0" bec="0" bev="0" fileid="28" />
                <SequencePoint vc="0" uspid="26000" ordinal="0" offset="157" sl="303" sc="0" el="303" ec="0" bec="0" bev="0" fileid="28" />
                <SequencePoint vc="0" uspid="26001" ordinal="0" offset="160" sl="303" sc="0" el="303" ec="0" bec="0" bev="0" fileid="28" />
                <SequencePoint vc="0" uspid="26002" ordinal="0" offset="161" sl="303" sc="0" el="303" ec="0" bec="0" bev="0" fileid="28" />
                <SequencePoint vc="0" uspid="26003" ordinal="0" offset="162" sl="304" sc="0" el="304" ec="0" bec="0" bev="0" fileid="28" />
                <SequencePoint vc="0" uspid="26004" ordinal="0" offset="174" sl="305" sc="0" el="305" ec="0" bec="0" bev="0" fileid="28" />
                <SequencePoint vc="0" uspid="26005" ordinal="0" offset="177" sl="306" sc="0" el="306" ec="0" bec="0" bev="0" fileid="28" />
              </SequencePoints>
              <BranchPoints />
            </Method>
            <Method visited="false" cyclomaticComplexity="0" nPathComplexity="0" sequenceCoverage="0.0" branchCoverage="0" crapScore="0" isConstructor="false" isStatic="false" isGetter="false" isSetter="false">
              <Summary numSequencePoints="10" visitedSequencePoints="0" numBranchPoints="0" visitedBranchPoints="0" sequenceCoverage="0.0" branchCoverage="0" maxCyclomaticComplexity="0" minCyclomaticComplexity="0" maxCrapScore="0" minCrapScore="0" visitedClasses="0" numClasses="0" visitedMethods="0" numMethods="1" />
              <MetadataToken>100663306</MetadataToken>
              <Name>System.Void Fusion.NetworkAssetSourceResource[T]::UnloadInternal()</Name>
              <FileRef uid="28" />
              <SequencePoints>
                <SequencePoint vc="0" uspid="26006" ordinal="0" offset="0" sl="308" sc="0" el="308" ec="0" bec="0" bev="0" fileid="28" />
                <SequencePoint vc="0" uspid="26007" ordinal="0" offset="1" sl="309" sc="0" el="309" ec="0" bec="0" bev="0" fileid="28" />
                <SequencePoint vc="0" uspid="26008" ordinal="0" offset="21" sl="309" sc="0" el="309" ec="0" bec="0" bev="0" fileid="28" />
                <SequencePoint vc="0" uspid="26009" ordinal="0" offset="22" sl="310" sc="0" el="310" ec="0" bec="0" bev="0" fileid="28" />
                <SequencePoint vc="0" uspid="26010" ordinal="0" offset="60" sl="313" sc="0" el="313" ec="0" bec="0" bev="0" fileid="28" />
                <SequencePoint vc="0" uspid="26011" ordinal="0" offset="63" sl="313" sc="0" el="313" ec="0" bec="0" bev="0" fileid="28" />
                <SequencePoint vc="0" uspid="26012" ordinal="0" offset="81" sl="313" sc="0" el="313" ec="0" bec="0" bev="0" fileid="28" />
                <SequencePoint vc="0" uspid="26013" ordinal="0" offset="82" sl="315" sc="0" el="315" ec="0" bec="0" bev="0" fileid="28" />
                <SequencePoint vc="0" uspid="26014" ordinal="0" offset="83" sl="317" sc="0" el="317" ec="0" bec="0" bev="0" fileid="28" />
                <SequencePoint vc="0" uspid="26015" ordinal="0" offset="90" sl="318" sc="0" el="318" ec="0" bec="0" bev="0" fileid="28" />
              </SequencePoints>
              <BranchPoints />
            </Method>
            <Method visited="false" cyclomaticComplexity="0" nPathComplexity="0" sequenceCoverage="0.0" branchCoverage="0" crapScore="0" isConstructor="false" isStatic="false" isGetter="true" isSetter="false">
              <Summary numSequencePoints="1" visitedSequencePoints="0" numBranchPoints="0" visitedBranchPoints="0" sequenceCoverage="0.0" branchCoverage="0" maxCyclomaticComplexity="0" minCyclomaticComplexity="0" maxCrapScore="0" minCrapScore="0" visitedClasses="0" numClasses="0" visitedMethods="0" numMethods="1" />
              <MetadataToken>100663307</MetadataToken>
              <Name>System.String Fusion.NetworkAssetSourceResource[T]::get_Description()</Name>
              <FileRef uid="28" />
              <SequencePoints>
                <SequencePoint vc="0" uspid="26016" ordinal="0" offset="0" sl="323" sc="0" el="323" ec="0" bec="0" bev="0" fileid="28" />
              </SequencePoints>
              <BranchPoints />
            </Method>
            <Method visited="false" cyclomaticComplexity="0" nPathComplexity="0" sequenceCoverage="0.0" branchCoverage="0" crapScore="0" isConstructor="false" isStatic="false" isGetter="true" isSetter="false">
              <Summary numSequencePoints="1" visitedSequencePoints="0" numBranchPoints="0" visitedBranchPoints="0" sequenceCoverage="0.0" branchCoverage="0" maxCyclomaticComplexity="0" minCyclomaticComplexity="0" maxCrapScore="0" minCrapScore="0" visitedClasses="0" numClasses="0" visitedMethods="0" numMethods="1" />
              <MetadataToken>100663308</MetadataToken>
              <Name>T Fusion.NetworkAssetSourceResource[T]::get_EditorInstance()</Name>
              <FileRef uid="28" />
              <SequencePoints>
                <SequencePoint vc="0" uspid="26017" ordinal="0" offset="0" sl="329" sc="0" el="329" ec="0" bec="0" bev="0" fileid="28" />
              </SequencePoints>
              <BranchPoints />
            </Method>
          </Methods>
        </Class>
        <Class>
          <Summary numSequencePoints="24" visitedSequencePoints="0" numBranchPoints="0" visitedBranchPoints="0" sequenceCoverage="0.0" branchCoverage="0.0" maxCyclomaticComplexity="0" minCyclomaticComplexity="0" maxCrapScore="0" minCrapScore="0" visitedClasses="0" numClasses="1" visitedMethods="0" numMethods="8" />
          <FullName>Fusion.NetworkAssetSourceStatic[T]</FullName>
          <Methods>
            <Method visited="false" cyclomaticComplexity="0" nPathComplexity="0" sequenceCoverage="0.0" branchCoverage="0" crapScore="0" isConstructor="false" isStatic="false" isGetter="true" isSetter="false">
              <Summary numSequencePoints="1" visitedSequencePoints="0" numBranchPoints="0" visitedBranchPoints="0" sequenceCoverage="0.0" branchCoverage="0" maxCyclomaticComplexity="0" minCyclomaticComplexity="0" maxCrapScore="0" minCrapScore="0" visitedClasses="0" numClasses="0" visitedMethods="0" numMethods="1" />
              <MetadataToken>100663310</MetadataToken>
              <Name>T Fusion.NetworkAssetSourceStatic[T]::get_Prefab()</Name>
              <FileRef uid="28" />
              <SequencePoints>
                <SequencePoint vc="0" uspid="26018" ordinal="0" offset="0" sl="361" sc="0" el="361" ec="0" bec="0" bev="0" fileid="28" />
              </SequencePoints>
              <BranchPoints />
            </Method>
            <Method visited="false" cyclomaticComplexity="0" nPathComplexity="0" sequenceCoverage="0.0" branchCoverage="0" crapScore="0" isConstructor="false" isStatic="false" isGetter="false" isSetter="true">
              <Summary numSequencePoints="1" visitedSequencePoints="0" numBranchPoints="0" visitedBranchPoints="0" sequenceCoverage="0.0" branchCoverage="0" maxCyclomaticComplexity="0" minCyclomaticComplexity="0" maxCrapScore="0" minCrapScore="0" visitedClasses="0" numClasses="0" visitedMethods="0" numMethods="1" />
              <MetadataToken>100663311</MetadataToken>
              <Name>System.Void Fusion.NetworkAssetSourceStatic[T]::set_Prefab(T)</Name>
              <FileRef uid="28" />
              <SequencePoints>
                <SequencePoint vc="0" uspid="26019" ordinal="0" offset="0" sl="362" sc="0" el="362" ec="0" bec="0" bev="0" fileid="28" />
              </SequencePoints>
              <BranchPoints />
            </Method>
            <Method visited="false" cyclomaticComplexity="0" nPathComplexity="0" sequenceCoverage="0.0" branchCoverage="0" crapScore="0" isConstructor="false" isStatic="false" isGetter="true" isSetter="false">
              <Summary numSequencePoints="1" visitedSequencePoints="0" numBranchPoints="0" visitedBranchPoints="0" sequenceCoverage="0.0" branchCoverage="0" maxCyclomaticComplexity="0" minCyclomaticComplexity="0" maxCrapScore="0" minCrapScore="0" visitedClasses="0" numClasses="0" visitedMethods="0" numMethods="1" />
              <MetadataToken>100663312</MetadataToken>
              <Name>System.Boolean Fusion.NetworkAssetSourceStatic[T]::get_IsCompleted()</Name>
              <FileRef uid="28" />
              <SequencePoints>
                <SequencePoint vc="0" uspid="26020" ordinal="0" offset="0" sl="368" sc="0" el="368" ec="0" bec="0" bev="0" fileid="28" />
              </SequencePoints>
              <BranchPoints />
            </Method>
            <Method visited="false" cyclomaticComplexity="0" nPathComplexity="0" sequenceCoverage="0.0" branchCoverage="0" crapScore="0" isConstructor="false" isStatic="false" isGetter="false" isSetter="false">
              <Summary numSequencePoints="2" visitedSequencePoints="0" numBranchPoints="0" visitedBranchPoints="0" sequenceCoverage="0.0" branchCoverage="0" maxCyclomaticComplexity="0" minCyclomaticComplexity="0" maxCrapScore="0" minCrapScore="0" visitedClasses="0" numClasses="0" visitedMethods="0" numMethods="1" />
              <MetadataToken>100663313</MetadataToken>
              <Name>System.Void Fusion.NetworkAssetSourceStatic[T]::Acquire(System.Boolean)</Name>
              <FileRef uid="28" />
              <SequencePoints>
                <SequencePoint vc="0" uspid="26021" ordinal="0" offset="0" sl="373" sc="0" el="373" ec="0" bec="0" bev="0" fileid="28" />
                <SequencePoint vc="0" uspid="26022" ordinal="0" offset="1" sl="375" sc="0" el="375" ec="0" bec="0" bev="0" fileid="28" />
              </SequencePoints>
              <BranchPoints />
            </Method>
            <Method visited="false" cyclomaticComplexity="0" nPathComplexity="0" sequenceCoverage="0.0" branchCoverage="0" crapScore="0" isConstructor="false" isStatic="false" isGetter="false" isSetter="false">
              <Summary numSequencePoints="2" visitedSequencePoints="0" numBranchPoints="0" visitedBranchPoints="0" sequenceCoverage="0.0" branchCoverage="0" maxCyclomaticComplexity="0" minCyclomaticComplexity="0" maxCrapScore="0" minCrapScore="0" visitedClasses="0" numClasses="0" visitedMethods="0" numMethods="1" />
              <MetadataToken>100663314</MetadataToken>
              <Name>System.Void Fusion.NetworkAssetSourceStatic[T]::Release()</Name>
              <FileRef uid="28" />
              <SequencePoints>
                <SequencePoint vc="0" uspid="26023" ordinal="0" offset="0" sl="380" sc="0" el="380" ec="0" bec="0" bev="0" fileid="28" />
                <SequencePoint vc="0" uspid="26024" ordinal="0" offset="1" sl="382" sc="0" el="382" ec="0" bec="0" bev="0" fileid="28" />
              </SequencePoints>
              <BranchPoints />
            </Method>
            <Method visited="false" cyclomaticComplexity="0" nPathComplexity="0" sequenceCoverage="0.0" branchCoverage="0" crapScore="0" isConstructor="false" isStatic="false" isGetter="false" isSetter="false">
              <Summary numSequencePoints="6" visitedSequencePoints="0" numBranchPoints="0" visitedBranchPoints="0" sequenceCoverage="0.0" branchCoverage="0" maxCyclomaticComplexity="0" minCyclomaticComplexity="0" maxCrapScore="0" minCrapScore="0" visitedClasses="0" numClasses="0" visitedMethods="0" numMethods="1" />
              <MetadataToken>100663315</MetadataToken>
              <Name>T Fusion.NetworkAssetSourceStatic[T]::WaitForResult()</Name>
              <FileRef uid="28" />
              <SequencePoints>
                <SequencePoint vc="0" uspid="26025" ordinal="0" offset="0" sl="387" sc="0" el="387" ec="0" bec="0" bev="0" fileid="28" />
                <SequencePoint vc="0" uspid="26026" ordinal="0" offset="1" sl="388" sc="0" el="388" ec="0" bec="0" bev="0" fileid="28" />
                <SequencePoint vc="0" uspid="26027" ordinal="0" offset="22" sl="388" sc="0" el="388" ec="0" bec="0" bev="0" fileid="28" />
                <SequencePoint vc="0" uspid="26028" ordinal="0" offset="23" sl="389" sc="0" el="389" ec="0" bec="0" bev="0" fileid="28" />
                <SequencePoint vc="0" uspid="26029" ordinal="0" offset="34" sl="392" sc="0" el="392" ec="0" bec="0" bev="0" fileid="28" />
                <SequencePoint vc="0" uspid="26030" ordinal="0" offset="43" sl="393" sc="0" el="393" ec="0" bec="0" bev="0" fileid="28" />
              </SequencePoints>
              <BranchPoints />
            </Method>
            <Method visited="false" cyclomaticComplexity="0" nPathComplexity="0" sequenceCoverage="0.0" branchCoverage="0" crapScore="0" isConstructor="false" isStatic="false" isGetter="true" isSetter="false">
              <Summary numSequencePoints="10" visitedSequencePoints="0" numBranchPoints="0" visitedBranchPoints="0" sequenceCoverage="0.0" branchCoverage="0" maxCyclomaticComplexity="0" minCyclomaticComplexity="0" maxCrapScore="0" minCrapScore="0" visitedClasses="0" numClasses="0" visitedMethods="0" numMethods="1" />
              <MetadataToken>100663316</MetadataToken>
              <Name>System.String Fusion.NetworkAssetSourceStatic[T]::get_Description()</Name>
              <FileRef uid="28" />
              <SequencePoints>
                <SequencePoint vc="0" uspid="26031" ordinal="0" offset="0" sl="397" sc="0" el="397" ec="0" bec="0" bev="0" fileid="28" />
                <SequencePoint vc="0" uspid="26032" ordinal="0" offset="1" sl="398" sc="0" el="398" ec="0" bec="0" bev="0" fileid="28" />
                <SequencePoint vc="0" uspid="26033" ordinal="0" offset="21" sl="398" sc="0" el="398" ec="0" bec="0" bev="0" fileid="28" />
                <SequencePoint vc="0" uspid="26034" ordinal="0" offset="22" sl="400" sc="0" el="400" ec="0" bec="0" bev="0" fileid="28" />
                <SequencePoint vc="0" uspid="26035" ordinal="0" offset="46" sl="400" sc="0" el="400" ec="0" bec="0" bev="0" fileid="28" />
                <SequencePoint vc="0" uspid="26036" ordinal="0" offset="47" sl="401" sc="0" el="401" ec="0" bec="0" bev="0" fileid="28" />
                <SequencePoint vc="0" uspid="26037" ordinal="0" offset="68" sl="404" sc="0" el="404" ec="0" bec="0" bev="0" fileid="28" />
                <SequencePoint vc="0" uspid="26038" ordinal="0" offset="105" sl="405" sc="0" el="405" ec="0" bec="0" bev="0" fileid="28" />
                <SequencePoint vc="0" uspid="26039" ordinal="0" offset="106" sl="406" sc="0" el="406" ec="0" bec="0" bev="0" fileid="28" />
                <SequencePoint vc="0" uspid="26040" ordinal="0" offset="115" sl="408" sc="0" el="408" ec="0" bec="0" bev="0" fileid="28" />
              </SequencePoints>
              <BranchPoints />
            </Method>
            <Method visited="false" cyclomaticComplexity="0" nPathComplexity="0" sequenceCoverage="0.0" branchCoverage="0" crapScore="0" isConstructor="false" isStatic="false" isGetter="true" isSetter="false">
              <Summary numSequencePoints="1" visitedSequencePoints="0" numBranchPoints="0" visitedBranchPoints="0" sequenceCoverage="0.0" branchCoverage="0" maxCyclomaticComplexity="0" minCyclomaticComplexity="0" maxCrapScore="0" minCrapScore="0" visitedClasses="0" numClasses="0" visitedMethods="0" numMethods="1" />
              <MetadataToken>100663317</MetadataToken>
              <Name>T Fusion.NetworkAssetSourceStatic[T]::get_EditorInstance()</Name>
              <FileRef uid="28" />
              <SequencePoints>
                <SequencePoint vc="0" uspid="26041" ordinal="0" offset="0" sl="415" sc="0" el="415" ec="0" bec="0" bev="0" fileid="28" />
              </SequencePoints>
              <BranchPoints />
            </Method>
          </Methods>
        </Class>
        <Class>
          <Summary numSequencePoints="27" visitedSequencePoints="0" numBranchPoints="0" visitedBranchPoints="0" sequenceCoverage="0.0" branchCoverage="0.0" maxCyclomaticComplexity="0" minCyclomaticComplexity="0" maxCrapScore="0" minCrapScore="0" visitedClasses="0" numClasses="1" visitedMethods="0" numMethods="8" />
          <FullName>Fusion.NetworkAssetSourceStaticLazy[T]</FullName>
          <Methods>
            <Method visited="false" cyclomaticComplexity="0" nPathComplexity="0" sequenceCoverage="0.0" branchCoverage="0" crapScore="0" isConstructor="false" isStatic="false" isGetter="true" isSetter="false">
              <Summary numSequencePoints="1" visitedSequencePoints="0" numBranchPoints="0" visitedBranchPoints="0" sequenceCoverage="0.0" branchCoverage="0" maxCyclomaticComplexity="0" minCyclomaticComplexity="0" maxCrapScore="0" minCrapScore="0" visitedClasses="0" numClasses="0" visitedMethods="0" numMethods="1" />
              <MetadataToken>100663319</MetadataToken>
              <Name>UnityEngine.LazyLoadReference[T] Fusion.NetworkAssetSourceStaticLazy[T]::get_Prefab()</Name>
              <FileRef uid="28" />
              <SequencePoints>
                <SequencePoint vc="0" uspid="26042" ordinal="0" offset="0" sl="448" sc="0" el="448" ec="0" bec="0" bev="0" fileid="28" />
              </SequencePoints>
              <BranchPoints />
            </Method>
            <Method visited="false" cyclomaticComplexity="0" nPathComplexity="0" sequenceCoverage="0.0" branchCoverage="0" crapScore="0" isConstructor="false" isStatic="false" isGetter="false" isSetter="true">
              <Summary numSequencePoints="1" visitedSequencePoints="0" numBranchPoints="0" visitedBranchPoints="0" sequenceCoverage="0.0" branchCoverage="0" maxCyclomaticComplexity="0" minCyclomaticComplexity="0" maxCrapScore="0" minCrapScore="0" visitedClasses="0" numClasses="0" visitedMethods="0" numMethods="1" />
              <MetadataToken>100663320</MetadataToken>
              <Name>System.Void Fusion.NetworkAssetSourceStaticLazy[T]::set_Prefab(UnityEngine.LazyLoadReference[T])</Name>
              <FileRef uid="28" />
              <SequencePoints>
                <SequencePoint vc="0" uspid="26043" ordinal="0" offset="0" sl="449" sc="0" el="449" ec="0" bec="0" bev="0" fileid="28" />
              </SequencePoints>
              <BranchPoints />
            </Method>
            <Method visited="false" cyclomaticComplexity="0" nPathComplexity="0" sequenceCoverage="0.0" branchCoverage="0" crapScore="0" isConstructor="false" isStatic="false" isGetter="true" isSetter="false">
              <Summary numSequencePoints="1" visitedSequencePoints="0" numBranchPoints="0" visitedBranchPoints="0" sequenceCoverage="0.0" branchCoverage="0" maxCyclomaticComplexity="0" minCyclomaticComplexity="0" maxCrapScore="0" minCrapScore="0" visitedClasses="0" numClasses="0" visitedMethods="0" numMethods="1" />
              <MetadataToken>100663321</MetadataToken>
              <Name>System.Boolean Fusion.NetworkAssetSourceStaticLazy[T]::get_IsCompleted()</Name>
              <FileRef uid="28" />
              <SequencePoints>
                <SequencePoint vc="0" uspid="26044" ordinal="0" offset="0" sl="453" sc="0" el="453" ec="0" bec="0" bev="0" fileid="28" />
              </SequencePoints>
              <BranchPoints />
            </Method>
            <Method visited="false" cyclomaticComplexity="0" nPathComplexity="0" sequenceCoverage="0.0" branchCoverage="0" crapScore="0" isConstructor="false" isStatic="false" isGetter="false" isSetter="false">
              <Summary numSequencePoints="2" visitedSequencePoints="0" numBranchPoints="0" visitedBranchPoints="0" sequenceCoverage="0.0" branchCoverage="0" maxCyclomaticComplexity="0" minCyclomaticComplexity="0" maxCrapScore="0" minCrapScore="0" visitedClasses="0" numClasses="0" visitedMethods="0" numMethods="1" />
              <MetadataToken>100663322</MetadataToken>
              <Name>System.Void Fusion.NetworkAssetSourceStaticLazy[T]::Acquire(System.Boolean)</Name>
              <FileRef uid="28" />
              <SequencePoints>
                <SequencePoint vc="0" uspid="26045" ordinal="0" offset="0" sl="456" sc="0" el="456" ec="0" bec="0" bev="0" fileid="28" />
                <SequencePoint vc="0" uspid="26046" ordinal="0" offset="1" sl="458" sc="0" el="458" ec="0" bec="0" bev="0" fileid="28" />
              </SequencePoints>
              <BranchPoints />
            </Method>
            <Method visited="false" cyclomaticComplexity="0" nPathComplexity="0" sequenceCoverage="0.0" branchCoverage="0" crapScore="0" isConstructor="false" isStatic="false" isGetter="false" isSetter="false">
              <Summary numSequencePoints="2" visitedSequencePoints="0" numBranchPoints="0" visitedBranchPoints="0" sequenceCoverage="0.0" branchCoverage="0" maxCyclomaticComplexity="0" minCyclomaticComplexity="0" maxCrapScore="0" minCrapScore="0" visitedClasses="0" numClasses="0" visitedMethods="0" numMethods="1" />
              <MetadataToken>100663323</MetadataToken>
              <Name>System.Void Fusion.NetworkAssetSourceStaticLazy[T]::Release()</Name>
              <FileRef uid="28" />
              <SequencePoints>
                <SequencePoint vc="0" uspid="26047" ordinal="0" offset="0" sl="461" sc="0" el="461" ec="0" bec="0" bev="0" fileid="28" />
                <SequencePoint vc="0" uspid="26048" ordinal="0" offset="1" sl="463" sc="0" el="463" ec="0" bec="0" bev="0" fileid="28" />
              </SequencePoints>
              <BranchPoints />
            </Method>
            <Method visited="false" cyclomaticComplexity="0" nPathComplexity="0" sequenceCoverage="0.0" branchCoverage="0" crapScore="0" isConstructor="false" isStatic="false" isGetter="false" isSetter="false">
              <Summary numSequencePoints="6" visitedSequencePoints="0" numBranchPoints="0" visitedBranchPoints="0" sequenceCoverage="0.0" branchCoverage="0" maxCyclomaticComplexity="0" minCyclomaticComplexity="0" maxCrapScore="0" minCrapScore="0" visitedClasses="0" numClasses="0" visitedMethods="0" numMethods="1" />
              <MetadataToken>100663324</MetadataToken>
              <Name>T Fusion.NetworkAssetSourceStaticLazy[T]::WaitForResult()</Name>
              <FileRef uid="28" />
              <SequencePoints>
                <SequencePoint vc="0" uspid="26049" ordinal="0" offset="0" sl="466" sc="0" el="466" ec="0" bec="0" bev="0" fileid="28" />
                <SequencePoint vc="0" uspid="26050" ordinal="0" offset="1" sl="467" sc="0" el="467" ec="0" bec="0" bev="0" fileid="28" />
                <SequencePoint vc="0" uspid="26051" ordinal="0" offset="27" sl="467" sc="0" el="467" ec="0" bec="0" bev="0" fileid="28" />
                <SequencePoint vc="0" uspid="26052" ordinal="0" offset="28" sl="468" sc="0" el="468" ec="0" bec="0" bev="0" fileid="28" />
                <SequencePoint vc="0" uspid="26053" ordinal="0" offset="39" sl="471" sc="0" el="471" ec="0" bec="0" bev="0" fileid="28" />
                <SequencePoint vc="0" uspid="26054" ordinal="0" offset="53" sl="472" sc="0" el="472" ec="0" bec="0" bev="0" fileid="28" />
              </SequencePoints>
              <BranchPoints />
            </Method>
            <Method visited="false" cyclomaticComplexity="0" nPathComplexity="0" sequenceCoverage="0.0" branchCoverage="0" crapScore="0" isConstructor="false" isStatic="false" isGetter="true" isSetter="false">
              <Summary numSequencePoints="13" visitedSequencePoints="0" numBranchPoints="0" visitedBranchPoints="0" sequenceCoverage="0.0" branchCoverage="0" maxCyclomaticComplexity="0" minCyclomaticComplexity="0" maxCrapScore="0" minCrapScore="0" visitedClasses="0" numClasses="0" visitedMethods="0" numMethods="1" />
              <MetadataToken>100663325</MetadataToken>
              <Name>System.String Fusion.NetworkAssetSourceStaticLazy[T]::get_Description()</Name>
              <FileRef uid="28" />
              <SequencePoints>
                <SequencePoint vc="0" uspid="26055" ordinal="0" offset="0" sl="476" sc="0" el="476" ec="0" bec="0" bev="0" fileid="28" />
                <SequencePoint vc="0" uspid="26056" ordinal="0" offset="1" sl="477" sc="0" el="477" ec="0" bec="0" bev="0" fileid="28" />
                <SequencePoint vc="0" uspid="26057" ordinal="0" offset="16" sl="477" sc="0" el="477" ec="0" bec="0" bev="0" fileid="28" />
                <SequencePoint vc="0" uspid="26058" ordinal="0" offset="17" sl="478" sc="0" el="478" ec="0" bec="0" bev="0" fileid="28" />
                <SequencePoint vc="0" uspid="26059" ordinal="0" offset="25" sl="479" sc="0" el="479" ec="0" bec="0" bev="0" fileid="28" />
                <SequencePoint vc="0" uspid="26060" ordinal="0" offset="40" sl="479" sc="0" el="479" ec="0" bec="0" bev="0" fileid="28" />
                <SequencePoint vc="0" uspid="26061" ordinal="0" offset="41" sl="481" sc="0" el="481" ec="0" bec="0" bev="0" fileid="28" />
                <SequencePoint vc="0" uspid="26062" ordinal="0" offset="62" sl="481" sc="0" el="481" ec="0" bec="0" bev="0" fileid="28" />
                <SequencePoint vc="0" uspid="26063" ordinal="0" offset="63" sl="482" sc="0" el="482" ec="0" bec="0" bev="0" fileid="28" />
                <SequencePoint vc="0" uspid="26064" ordinal="0" offset="84" sl="485" sc="0" el="485" ec="0" bec="0" bev="0" fileid="28" />
                <SequencePoint vc="0" uspid="26065" ordinal="0" offset="125" sl="486" sc="0" el="486" ec="0" bec="0" bev="0" fileid="28" />
                <SequencePoint vc="0" uspid="26066" ordinal="0" offset="126" sl="487" sc="0" el="487" ec="0" bec="0" bev="0" fileid="28" />
                <SequencePoint vc="0" uspid="26067" ordinal="0" offset="134" sl="489" sc="0" el="489" ec="0" bec="0" bev="0" fileid="28" />
              </SequencePoints>
              <BranchPoints />
            </Method>
            <Method visited="false" cyclomaticComplexity="0" nPathComplexity="0" sequenceCoverage="0.0" branchCoverage="0" crapScore="0" isConstructor="false" isStatic="false" isGetter="true" isSetter="false">
              <Summary numSequencePoints="1" visitedSequencePoints="0" numBranchPoints="0" visitedBranchPoints="0" sequenceCoverage="0.0" branchCoverage="0" maxCyclomaticComplexity="0" minCyclomaticComplexity="0" maxCrapScore="0" minCrapScore="0" visitedClasses="0" numClasses="0" visitedMethods="0" numMethods="1" />
              <MetadataToken>100663326</MetadataToken>
              <Name>T Fusion.NetworkAssetSourceStaticLazy[T]::get_EditorInstance()</Name>
              <FileRef uid="28" />
              <SequencePoints>
                <SequencePoint vc="0" uspid="26068" ordinal="0" offset="0" sl="494" sc="0" el="494" ec="0" bec="0" bev="0" fileid="28" />
              </SequencePoints>
              <BranchPoints />
            </Method>
          </Methods>
        </Class>
        <Class>
          <Summary numSequencePoints="16" visitedSequencePoints="0" numBranchPoints="0" visitedBranchPoints="0" sequenceCoverage="0.0" branchCoverage="0.0" maxCyclomaticComplexity="0" minCyclomaticComplexity="0" maxCrapScore="0" minCrapScore="0" visitedClasses="0" numClasses="1" visitedMethods="0" numMethods="1" />
          <FullName>Fusion.JsonUtilityExtensions</FullName>
          <Methods>
            <Method visited="false" cyclomaticComplexity="0" nPathComplexity="0" sequenceCoverage="0.0" branchCoverage="0" crapScore="0" isConstructor="false" isStatic="true" isGetter="false" isSetter="false">
              <Summary numSequencePoints="16" visitedSequencePoints="0" numBranchPoints="0" visitedBranchPoints="0" sequenceCoverage="0.0" branchCoverage="0" maxCyclomaticComplexity="0" minCyclomaticComplexity="0" maxCrapScore="0" minCrapScore="0" visitedClasses="0" numClasses="0" visitedMethods="0" numMethods="1" />
              <MetadataToken>100663367</MetadataToken>
              <Name>static T Fusion.JsonUtilityExtensions::FromJsonWithTypeAnnotation[T](System.String, Fusion.JsonUtilityExtensions/TypeResolverDelegate)</Name>
              <FileRef uid="28" />
              <SequencePoints>
                <SequencePoint vc="0" uspid="26453" ordinal="0" offset="0" sl="1255" sc="0" el="1255" ec="0" bec="0" bev="0" fileid="28" />
                <SequencePoint vc="0" uspid="26454" ordinal="0" offset="1" sl="1256" sc="0" el="1256" ec="0" bec="0" bev="0" fileid="28" />
                <SequencePoint vc="0" uspid="26455" ordinal="0" offset="20" sl="1256" sc="0" el="1256" ec="0" bec="0" bev="0" fileid="28" />
                <SequencePoint vc="0" uspid="26456" ordinal="0" offset="21" sl="1257" sc="0" el="1257" ec="0" bec="0" bev="0" fileid="28" />
                <SequencePoint vc="0" uspid="26457" ordinal="0" offset="61" sl="1258" sc="0" el="1258" ec="0" bec="0" bev="0" fileid="28" />
                <SequencePoint vc="0" uspid="26458" ordinal="0" offset="73" sl="1259" sc="0" el="1259" ec="0" bec="0" bev="0" fileid="28" />
                <SequencePoint vc="0" uspid="26459" ordinal="0" offset="82" sl="1261" sc="0" el="1261" ec="0" bec="0" bev="0" fileid="28" />
                <SequencePoint vc="0" uspid="26460" ordinal="0" offset="109" sl="1262" sc="0" el="1262" ec="0" bec="0" bev="0" fileid="28" />
                <SequencePoint vc="0" uspid="26461" ordinal="0" offset="118" sl="1263" sc="0" el="1263" ec="0" bec="0" bev="0" fileid="28" />
                <SequencePoint vc="0" uspid="26462" ordinal="0" offset="128" sl="1266" sc="0" el="1266" ec="0" bec="0" bev="0" fileid="28" />
                <SequencePoint vc="0" uspid="26463" ordinal="0" offset="170" sl="1266" sc="0" el="1266" ec="0" bec="0" bev="0" fileid="28" />
                <SequencePoint vc="0" uspid="26464" ordinal="0" offset="171" sl="1267" sc="0" el="1267" ec="0" bec="0" bev="0" fileid="28" />
                <SequencePoint vc="0" uspid="26465" ordinal="0" offset="193" sl="1268" sc="0" el="1268" ec="0" bec="0" bev="0" fileid="28" />
                <SequencePoint vc="0" uspid="26466" ordinal="0" offset="203" sl="1269" sc="0" el="1269" ec="0" bec="0" bev="0" fileid="28" />
                <SequencePoint vc="0" uspid="26467" ordinal="0" offset="214" sl="1272" sc="0" el="1272" ec="0" bec="0" bev="0" fileid="28" />
                <SequencePoint vc="0" uspid="26468" ordinal="0" offset="231" sl="1273" sc="0" el="1273" ec="0" bec="0" bev="0" fileid="28" />
              </SequencePoints>
              <BranchPoints />
            </Method>
          </Methods>
        </Class>
        <Class>
          <Summary numSequencePoints="5" visitedSequencePoints="0" numBranchPoints="0" visitedBranchPoints="0" sequenceCoverage="0.0" branchCoverage="0.0" maxCyclomaticComplexity="0" minCyclomaticComplexity="0" maxCrapScore="0" minCrapScore="0" visitedClasses="0" numClasses="1" visitedMethods="0" numMethods="2" />
          <FullName>Fusion.FusionMppm</FullName>
          <Methods>
            <Method visited="false" cyclomaticComplexity="0" nPathComplexity="0" sequenceCoverage="0.0" branchCoverage="0" crapScore="0" isConstructor="false" isStatic="false" isGetter="false" isSetter="false">
              <Summary numSequencePoints="2" visitedSequencePoints="0" numBranchPoints="0" visitedBranchPoints="0" sequenceCoverage="0.0" branchCoverage="0" maxCyclomaticComplexity="0" minCyclomaticComplexity="0" maxCrapScore="0" minCrapScore="0" visitedClasses="0" numClasses="0" visitedMethods="0" numMethods="1" />
              <MetadataToken>100663376</MetadataToken>
              <Name>System.Void Fusion.FusionMppm::Send[T](T)</Name>
              <FileRef uid="28" />
              <SequencePoints>
                <SequencePoint vc="0" uspid="26666" ordinal="0" offset="0" sl="1829" sc="0" el="1829" ec="0" bec="0" bev="0" fileid="28" />
                <SequencePoint vc="0" uspid="26667" ordinal="0" offset="1" sl="1834" sc="0" el="1834" ec="0" bec="0" bev="0" fileid="28" />
              </SequencePoints>
              <BranchPoints />
            </Method>
            <Method visited="false" cyclomaticComplexity="0" nPathComplexity="0" sequenceCoverage="0.0" branchCoverage="0" crapScore="0" isConstructor="false" isStatic="true" isGetter="false" isSetter="false">
              <Summary numSequencePoints="3" visitedSequencePoints="0" numBranchPoints="0" visitedBranchPoints="0" sequenceCoverage="0.0" branchCoverage="0" maxCyclomaticComplexity="0" minCyclomaticComplexity="0" maxCrapScore="0" minCrapScore="0" visitedClasses="0" numClasses="0" visitedMethods="0" numMethods="1" />
              <MetadataToken>100663377</MetadataToken>
              <Name>static System.Void Fusion.FusionMppm::Broadcast[T](T)</Name>
              <FileRef uid="28" />
              <SequencePoints>
                <SequencePoint vc="0" uspid="26668" ordinal="0" offset="0" sl="1848" sc="0" el="1848" ec="0" bec="0" bev="0" fileid="28" />
                <SequencePoint vc="0" uspid="26669" ordinal="0" offset="1" sl="1849" sc="0" el="1849" ec="0" bec="0" bev="0" fileid="28" />
                <SequencePoint vc="0" uspid="26670" ordinal="0" offset="19" sl="1850" sc="0" el="1850" ec="0" bec="0" bev="0" fileid="28" />
              </SequencePoints>
              <BranchPoints />
            </Method>
          </Methods>
        </Class>
        <Class>
          <Summary numSequencePoints="17" visitedSequencePoints="0" numBranchPoints="0" visitedBranchPoints="0" sequenceCoverage="0.0" branchCoverage="0.0" maxCyclomaticComplexity="0" minCyclomaticComplexity="0" maxCrapScore="0" minCrapScore="0" visitedClasses="0" numClasses="1" visitedMethods="0" numMethods="2" />
          <FullName>Fusion.NetworkObjectBaker</FullName>
          <Methods>
            <Method visited="false" cyclomaticComplexity="0" nPathComplexity="0" sequenceCoverage="0.0" branchCoverage="0" crapScore="0" isConstructor="false" isStatic="false" isGetter="false" isSetter="false">
              <Summary numSequencePoints="8" visitedSequencePoints="0" numBranchPoints="0" visitedBranchPoints="0" sequenceCoverage="0.0" branchCoverage="0" maxCyclomaticComplexity="0" minCyclomaticComplexity="0" maxCrapScore="0" minCrapScore="0" visitedClasses="0" numClasses="0" visitedMethods="0" numMethods="1" />
              <MetadataToken>100663392</MetadataToken>
              <Name>System.Boolean Fusion.NetworkObjectBaker::Set[T](UnityEngine.MonoBehaviour, , T)</Name>
              <FileRef uid="28" />
              <SequencePoints>
                <SequencePoint vc="0" uspid="26811" ordinal="0" offset="0" sl="2377" sc="0" el="2377" ec="0" bec="0" bev="0" fileid="28" />
                <SequencePoint vc="0" uspid="26812" ordinal="0" offset="1" sl="2378" sc="0" el="2378" ec="0" bec="0" bev="0" fileid="28" />
                <SequencePoint vc="0" uspid="26813" ordinal="0" offset="25" sl="2378" sc="0" el="2378" ec="0" bec="0" bev="0" fileid="28" />
                <SequencePoint vc="0" uspid="26814" ordinal="0" offset="26" sl="2380" sc="0" el="2380" ec="0" bec="0" bev="0" fileid="28" />
                <SequencePoint vc="0" uspid="26815" ordinal="0" offset="33" sl="2381" sc="0" el="2381" ec="0" bec="0" bev="0" fileid="28" />
                <SequencePoint vc="0" uspid="26816" ordinal="0" offset="37" sl="2382" sc="0" el="2382" ec="0" bec="0" bev="0" fileid="28" />
                <SequencePoint vc="0" uspid="26817" ordinal="0" offset="38" sl="2383" sc="0" el="2383" ec="0" bec="0" bev="0" fileid="28" />
                <SequencePoint vc="0" uspid="26818" ordinal="0" offset="42" sl="2385" sc="0" el="2385" ec="0" bec="0" bev="0" fileid="28" />
              </SequencePoints>
              <BranchPoints />
            </Method>
            <Method visited="false" cyclomaticComplexity="0" nPathComplexity="0" sequenceCoverage="0.0" branchCoverage="0" crapScore="0" isConstructor="false" isStatic="false" isGetter="false" isSetter="false">
              <Summary numSequencePoints="9" visitedSequencePoints="0" numBranchPoints="0" visitedBranchPoints="0" sequenceCoverage="0.0" branchCoverage="0" maxCyclomaticComplexity="0" minCyclomaticComplexity="0" maxCrapScore="0" minCrapScore="0" visitedClasses="0" numClasses="0" visitedMethods="0" numMethods="1" />
              <MetadataToken>100663393</MetadataToken>
              <Name>System.Boolean Fusion.NetworkObjectBaker::Set[T](UnityEngine.MonoBehaviour, , System.Collections.Generic.List[T])</Name>
              <FileRef uid="28" />
              <SequencePoints>
                <SequencePoint vc="0" uspid="26819" ordinal="0" offset="0" sl="2387" sc="0" el="2387" ec="0" bec="0" bev="0" fileid="28" />
                <SequencePoint vc="0" uspid="26820" ordinal="0" offset="1" sl="2388" sc="0" el="2388" ec="0" bec="0" bev="0" fileid="28" />
                <SequencePoint vc="0" uspid="26821" ordinal="0" offset="7" sl="2389" sc="0" el="2389" ec="0" bec="0" bev="0" fileid="28" />
                <SequencePoint vc="0" uspid="26822" ordinal="0" offset="42" sl="2389" sc="0" el="2389" ec="0" bec="0" bev="0" fileid="28" />
                <SequencePoint vc="0" uspid="26823" ordinal="0" offset="43" sl="2391" sc="0" el="2391" ec="0" bec="0" bev="0" fileid="28" />
                <SequencePoint vc="0" uspid="26824" ordinal="0" offset="51" sl="2392" sc="0" el="2392" ec="0" bec="0" bev="0" fileid="28" />
                <SequencePoint vc="0" uspid="26825" ordinal="0" offset="55" sl="2393" sc="0" el="2393" ec="0" bec="0" bev="0" fileid="28" />
                <SequencePoint vc="0" uspid="26826" ordinal="0" offset="56" sl="2394" sc="0" el="2394" ec="0" bec="0" bev="0" fileid="28" />
                <SequencePoint vc="0" uspid="26827" ordinal="0" offset="60" sl="2396" sc="0" el="2396" ec="0" bec="0" bev="0" fileid="28" />
              </SequencePoints>
              <BranchPoints />
            </Method>
          </Methods>
        </Class>
        <Class>
          <Summary numSequencePoints="58" visitedSequencePoints="0" numBranchPoints="0" visitedBranchPoints="0" sequenceCoverage="0.0" branchCoverage="0.0" maxCyclomaticComplexity="0" minCyclomaticComplexity="0" maxCrapScore="0" minCrapScore="0" visitedClasses="0" numClasses="1" visitedMethods="0" numMethods="4" />
          <FullName>Fusion.FusionUnitySceneManagerUtils</FullName>
          <Methods>
            <Method visited="false" cyclomaticComplexity="0" nPathComplexity="0" sequenceCoverage="0.0" branchCoverage="0" crapScore="0" isConstructor="false" isStatic="true" isGetter="false" isSetter="false">
              <Summary numSequencePoints="3" visitedSequencePoints="0" numBranchPoints="0" visitedBranchPoints="0" sequenceCoverage="0.0" branchCoverage="0" maxCyclomaticComplexity="0" minCyclomaticComplexity="0" maxCrapScore="0" minCrapScore="0" visitedClasses="0" numClasses="0" visitedMethods="0" numMethods="1" />
              <MetadataToken>100663407</MetadataToken>
              <Name>static Fusion.FusionUnitySceneManagerUtils::GetComponents[T](UnityEngine.SceneManagement.Scene, System.Boolean)</Name>
              <FileRef uid="28" />
              <SequencePoints>
                <SequencePoint vc="0" uspid="26918" ordinal="0" offset="0" sl="3773" sc="0" el="3773" ec="0" bec="0" bev="0" fileid="28" />
                <SequencePoint vc="0" uspid="26919" ordinal="0" offset="1" sl="3774" sc="0" el="3774" ec="0" bec="0" bev="0" fileid="28" />
                <SequencePoint vc="0" uspid="26920" ordinal="0" offset="13" sl="3775" sc="0" el="3775" ec="0" bec="0" bev="0" fileid="28" />
              </SequencePoints>
              <BranchPoints />
            </Method>
            <Method visited="false" cyclomaticComplexity="0" nPathComplexity="0" sequenceCoverage="0.0" branchCoverage="0" crapScore="0" isConstructor="false" isStatic="true" isGetter="false" isSetter="false">
              <Summary numSequencePoints="20" visitedSequencePoints="0" numBranchPoints="0" visitedBranchPoints="0" sequenceCoverage="0.0" branchCoverage="0" maxCyclomaticComplexity="0" minCyclomaticComplexity="0" maxCrapScore="0" minCrapScore="0" visitedClasses="0" numClasses="0" visitedMethods="0" numMethods="1" />
              <MetadataToken>100663408</MetadataToken>
              <Name>static Fusion.FusionUnitySceneManagerUtils::GetComponents[T](UnityEngine.SceneManagement.Scene, System.Boolean, UnityEngine.GameObject[]&amp;)</Name>
              <FileRef uid="28" />
              <SequencePoints>
                <SequencePoint vc="0" uspid="26921" ordinal="0" offset="0" sl="3785" sc="0" el="3785" ec="0" bec="0" bev="0" fileid="28" />
                <SequencePoint vc="0" uspid="26922" ordinal="0" offset="1" sl="3786" sc="0" el="3786" ec="0" bec="0" bev="0" fileid="28" />
                <SequencePoint vc="0" uspid="26923" ordinal="0" offset="10" sl="3788" sc="0" el="3788" ec="0" bec="0" bev="0" fileid="28" />
                <SequencePoint vc="0" uspid="26924" ordinal="0" offset="16" sl="3789" sc="0" el="3789" ec="0" bec="0" bev="0" fileid="28" />
                <SequencePoint vc="0" uspid="26925" ordinal="0" offset="22" sl="3791" sc="0" el="3791" ec="0" bec="0" bev="0" fileid="28" />
                <SequencePoint vc="0" uspid="26926" ordinal="0" offset="23" sl="3791" sc="0" el="3791" ec="0" bec="0" bev="0" fileid="28" />
                <SequencePoint vc="0" uspid="26927" ordinal="0" offset="30" sl="3791" sc="0" el="3791" ec="0" bec="0" bev="0" fileid="28" />
                <SequencePoint vc="0" uspid="26928" ordinal="0" offset="35" sl="3791" sc="0" el="3791" ec="0" bec="0" bev="0" fileid="28" />
                <SequencePoint vc="0" uspid="26929" ordinal="0" offset="36" sl="3793" sc="0" el="3793" ec="0" bec="0" bev="0" fileid="28" />
                <SequencePoint vc="0" uspid="26930" ordinal="0" offset="46" sl="3795" sc="0" el="3795" ec="0" bec="0" bev="0" fileid="28" />
                <SequencePoint vc="0" uspid="26931" ordinal="0" offset="47" sl="3795" sc="0" el="3795" ec="0" bec="0" bev="0" fileid="28" />
                <SequencePoint vc="0" uspid="26932" ordinal="0" offset="57" sl="3795" sc="0" el="3795" ec="0" bec="0" bev="0" fileid="28" />
                <SequencePoint vc="0" uspid="26933" ordinal="0" offset="66" sl="3795" sc="0" el="3795" ec="0" bec="0" bev="0" fileid="28" />
                <SequencePoint vc="0" uspid="26934" ordinal="0" offset="67" sl="3796" sc="0" el="3796" ec="0" bec="0" bev="0" fileid="28" />
                <SequencePoint vc="0" uspid="26935" ordinal="0" offset="76" sl="3797" sc="0" el="3797" ec="0" bec="0" bev="0" fileid="28" />
                <SequencePoint vc="0" uspid="26936" ordinal="0" offset="77" sl="3795" sc="0" el="3795" ec="0" bec="0" bev="0" fileid="28" />
                <SequencePoint vc="0" uspid="26937" ordinal="0" offset="103" sl="3798" sc="0" el="3798" ec="0" bec="0" bev="0" fileid="28" />
                <SequencePoint vc="0" uspid="26938" ordinal="0" offset="108" sl="3791" sc="0" el="3791" ec="0" bec="0" bev="0" fileid="28" />
                <SequencePoint vc="0" uspid="26939" ordinal="0" offset="114" sl="3799" sc="0" el="3799" ec="0" bec="0" bev="0" fileid="28" />
                <SequencePoint vc="0" uspid="26940" ordinal="0" offset="124" sl="3800" sc="0" el="3800" ec="0" bec="0" bev="0" fileid="28" />
              </SequencePoints>
              <BranchPoints />
            </Method>
            <Method visited="false" cyclomaticComplexity="0" nPathComplexity="0" sequenceCoverage="0.0" branchCoverage="0" crapScore="0" isConstructor="false" isStatic="true" isGetter="false" isSetter="false">
              <Summary numSequencePoints="20" visitedSequencePoints="0" numBranchPoints="0" visitedBranchPoints="0" sequenceCoverage="0.0" branchCoverage="0" maxCyclomaticComplexity="0" minCyclomaticComplexity="0" maxCrapScore="0" minCrapScore="0" visitedClasses="0" numClasses="0" visitedMethods="0" numMethods="1" />
              <MetadataToken>100663409</MetadataToken>
              <Name>static System.Void Fusion.FusionUnitySceneManagerUtils::GetComponents[T](UnityEngine.SceneManagement.Scene, System.Collections.Generic.List[T], System.Boolean)</Name>
              <FileRef uid="28" />
              <SequencePoints>
                <SequencePoint vc="0" uspid="26941" ordinal="0" offset="0" sl="3812" sc="0" el="3812" ec="0" bec="0" bev="0" fileid="28" />
                <SequencePoint vc="0" uspid="26942" ordinal="0" offset="1" sl="3813" sc="0" el="3813" ec="0" bec="0" bev="0" fileid="28" />
                <SequencePoint vc="0" uspid="26943" ordinal="0" offset="7" sl="3814" sc="0" el="3814" ec="0" bec="0" bev="0" fileid="28" />
                <SequencePoint vc="0" uspid="26944" ordinal="0" offset="16" sl="3815" sc="0" el="3815" ec="0" bec="0" bev="0" fileid="28" />
                <SequencePoint vc="0" uspid="26945" ordinal="0" offset="23" sl="3817" sc="0" el="3817" ec="0" bec="0" bev="0" fileid="28" />
                <SequencePoint vc="0" uspid="26946" ordinal="0" offset="29" sl="3819" sc="0" el="3819" ec="0" bec="0" bev="0" fileid="28" />
                <SequencePoint vc="0" uspid="26947" ordinal="0" offset="30" sl="3819" sc="0" el="3819" ec="0" bec="0" bev="0" fileid="28" />
                <SequencePoint vc="0" uspid="26948" ordinal="0" offset="39" sl="3819" sc="0" el="3819" ec="0" bec="0" bev="0" fileid="28" />
                <SequencePoint vc="0" uspid="26949" ordinal="0" offset="47" sl="3819" sc="0" el="3819" ec="0" bec="0" bev="0" fileid="28" />
                <SequencePoint vc="0" uspid="26950" ordinal="0" offset="48" sl="3821" sc="0" el="3821" ec="0" bec="0" bev="0" fileid="28" />
                <SequencePoint vc="0" uspid="26951" ordinal="0" offset="57" sl="3823" sc="0" el="3823" ec="0" bec="0" bev="0" fileid="28" />
                <SequencePoint vc="0" uspid="26952" ordinal="0" offset="58" sl="3823" sc="0" el="3823" ec="0" bec="0" bev="0" fileid="28" />
                <SequencePoint vc="0" uspid="26953" ordinal="0" offset="68" sl="3823" sc="0" el="3823" ec="0" bec="0" bev="0" fileid="28" />
                <SequencePoint vc="0" uspid="26954" ordinal="0" offset="77" sl="3823" sc="0" el="3823" ec="0" bec="0" bev="0" fileid="28" />
                <SequencePoint vc="0" uspid="26955" ordinal="0" offset="78" sl="3824" sc="0" el="3824" ec="0" bec="0" bev="0" fileid="28" />
                <SequencePoint vc="0" uspid="26956" ordinal="0" offset="87" sl="3825" sc="0" el="3825" ec="0" bec="0" bev="0" fileid="28" />
                <SequencePoint vc="0" uspid="26957" ordinal="0" offset="88" sl="3823" sc="0" el="3823" ec="0" bec="0" bev="0" fileid="28" />
                <SequencePoint vc="0" uspid="26958" ordinal="0" offset="114" sl="3826" sc="0" el="3826" ec="0" bec="0" bev="0" fileid="28" />
                <SequencePoint vc="0" uspid="26959" ordinal="0" offset="115" sl="3819" sc="0" el="3819" ec="0" bec="0" bev="0" fileid="28" />
                <SequencePoint vc="0" uspid="26960" ordinal="0" offset="141" sl="3827" sc="0" el="3827" ec="0" bec="0" bev="0" fileid="28" />
              </SequencePoints>
              <BranchPoints />
            </Method>
            <Method visited="false" cyclomaticComplexity="0" nPathComplexity="0" sequenceCoverage="0.0" branchCoverage="0" crapScore="0" isConstructor="false" isStatic="true" isGetter="false" isSetter="false">
              <Summary numSequencePoints="15" visitedSequencePoints="0" numBranchPoints="0" visitedBranchPoints="0" sequenceCoverage="0.0" branchCoverage="0" maxCyclomaticComplexity="0" minCyclomaticComplexity="0" maxCrapScore="0" minCrapScore="0" visitedClasses="0" numClasses="0" visitedMethods="0" numMethods="1" />
              <MetadataToken>100663410</MetadataToken>
              <Name>static T Fusion.FusionUnitySceneManagerUtils::FindComponent[T](UnityEngine.SceneManagement.Scene, System.Boolean)</Name>
              <FileRef uid="28" />
              <SequencePoints>
                <SequencePoint vc="0" uspid="26961" ordinal="0" offset="0" sl="3836" sc="0" el="3836" ec="0" bec="0" bev="0" fileid="28" />
                <SequencePoint vc="0" uspid="26962" ordinal="0" offset="1" sl="3837" sc="0" el="3837" ec="0" bec="0" bev="0" fileid="28" />
                <SequencePoint vc="0" uspid="26963" ordinal="0" offset="7" sl="3838" sc="0" el="3838" ec="0" bec="0" bev="0" fileid="28" />
                <SequencePoint vc="0" uspid="26964" ordinal="0" offset="16" sl="3840" sc="0" el="3840" ec="0" bec="0" bev="0" fileid="28" />
                <SequencePoint vc="0" uspid="26965" ordinal="0" offset="17" sl="3840" sc="0" el="3840" ec="0" bec="0" bev="0" fileid="28" />
                <SequencePoint vc="0" uspid="26966" ordinal="0" offset="26" sl="3840" sc="0" el="3840" ec="0" bec="0" bev="0" fileid="28" />
                <SequencePoint vc="0" uspid="26967" ordinal="0" offset="34" sl="3840" sc="0" el="3840" ec="0" bec="0" bev="0" fileid="28" />
                <SequencePoint vc="0" uspid="26968" ordinal="0" offset="35" sl="3842" sc="0" el="3842" ec="0" bec="0" bev="0" fileid="28" />
                <SequencePoint vc="0" uspid="26969" ordinal="0" offset="43" sl="3843" sc="0" el="3843" ec="0" bec="0" bev="0" fileid="28" />
                <SequencePoint vc="0" uspid="26970" ordinal="0" offset="61" sl="3843" sc="0" el="3843" ec="0" bec="0" bev="0" fileid="28" />
                <SequencePoint vc="0" uspid="26971" ordinal="0" offset="62" sl="3844" sc="0" el="3844" ec="0" bec="0" bev="0" fileid="28" />
                <SequencePoint vc="0" uspid="26972" ordinal="0" offset="67" sl="3846" sc="0" el="3846" ec="0" bec="0" bev="0" fileid="28" />
                <SequencePoint vc="0" uspid="26973" ordinal="0" offset="68" sl="3840" sc="0" el="3840" ec="0" bec="0" bev="0" fileid="28" />
                <SequencePoint vc="0" uspid="26974" ordinal="0" offset="94" sl="3847" sc="0" el="3847" ec="0" bec="0" bev="0" fileid="28" />
                <SequencePoint vc="0" uspid="26975" ordinal="0" offset="108" sl="3848" sc="0" el="3848" ec="0" bec="0" bev="0" fileid="28" />
              </SequencePoints>
              <BranchPoints />
            </Method>
          </Methods>
        </Class>
        <Class>
          <Summary numSequencePoints="44" visitedSequencePoints="0" numBranchPoints="0" visitedBranchPoints="0" sequenceCoverage="0.0" branchCoverage="0.0" maxCyclomaticComplexity="0" minCyclomaticComplexity="0" maxCrapScore="0" minCrapScore="0" visitedClasses="0" numClasses="1" visitedMethods="0" numMethods="2" />
          <FullName>Fusion.FusionBootstrapDebugGUI</FullName>
          <Methods>
            <Method visited="false" cyclomaticComplexity="0" nPathComplexity="0" sequenceCoverage="0.0" branchCoverage="0" crapScore="0" isConstructor="false" isStatic="true" isGetter="false" isSetter="false">
              <Summary numSequencePoints="36" visitedSequencePoints="0" numBranchPoints="0" visitedBranchPoints="0" sequenceCoverage="0.0" branchCoverage="0" maxCyclomaticComplexity="0" minCyclomaticComplexity="0" maxCrapScore="0" minCrapScore="0" visitedClasses="0" numClasses="0" visitedMethods="0" numMethods="1" />
              <MetadataToken>100663502</MetadataToken>
              <Name>static System.Collections.Generic.Dictionary[T,String] Fusion.FusionBootstrapDebugGUI::ConvertEnumToNicifiedNameLookup[T](System.String, System.Collections.Generic.Dictionary[T,String])</Name>
              <FileRef uid="31" />
              <SequencePoints>
                <SequencePoint vc="0" uspid="27936" ordinal="0" offset="0" sl="315" sc="0" el="315" ec="0" bec="0" bev="0" fileid="31" />
                <SequencePoint vc="0" uspid="27937" ordinal="0" offset="1" sl="317" sc="0" el="317" ec="0" bec="0" bev="0" fileid="31" />
                <SequencePoint vc="0" uspid="27938" ordinal="0" offset="7" sl="319" sc="0" el="319" ec="0" bec="0" bev="0" fileid="31" />
                <SequencePoint vc="0" uspid="27939" ordinal="0" offset="15" sl="319" sc="0" el="319" ec="0" bec="0" bev="0" fileid="31" />
                <SequencePoint vc="0" uspid="27940" ordinal="0" offset="16" sl="320" sc="0" el="320" ec="0" bec="0" bev="0" fileid="31" />
                <SequencePoint vc="0" uspid="27941" ordinal="0" offset="23" sl="321" sc="0" el="321" ec="0" bec="0" bev="0" fileid="31" />
                <SequencePoint vc="0" uspid="27942" ordinal="0" offset="26" sl="321" sc="0" el="321" ec="0" bec="0" bev="0" fileid="31" />
                <SequencePoint vc="0" uspid="27943" ordinal="0" offset="27" sl="322" sc="0" el="322" ec="0" bec="0" bev="0" fileid="31" />
                <SequencePoint vc="0" uspid="27944" ordinal="0" offset="34" sl="323" sc="0" el="323" ec="0" bec="0" bev="0" fileid="31" />
                <SequencePoint vc="0" uspid="27945" ordinal="0" offset="35" sl="325" sc="0" el="325" ec="0" bec="0" bev="0" fileid="31" />
                <SequencePoint vc="0" uspid="27946" ordinal="0" offset="51" sl="326" sc="0" el="326" ec="0" bec="0" bev="0" fileid="31" />
                <SequencePoint vc="0" uspid="27947" ordinal="0" offset="67" sl="327" sc="0" el="327" ec="0" bec="0" bev="0" fileid="31" />
                <SequencePoint vc="0" uspid="27948" ordinal="0" offset="70" sl="327" sc="0" el="327" ec="0" bec="0" bev="0" fileid="31" />
                <SequencePoint vc="0" uspid="27949" ordinal="0" offset="80" sl="327" sc="0" el="327" ec="0" bec="0" bev="0" fileid="31" />
                <SequencePoint vc="0" uspid="27950" ordinal="0" offset="81" sl="328" sc="0" el="328" ec="0" bec="0" bev="0" fileid="31" />
                <SequencePoint vc="0" uspid="27951" ordinal="0" offset="88" sl="329" sc="0" el="329" ec="0" bec="0" bev="0" fileid="31" />
                <SequencePoint vc="0" uspid="27952" ordinal="0" offset="98" sl="329" sc="0" el="329" ec="0" bec="0" bev="0" fileid="31" />
                <SequencePoint vc="0" uspid="27953" ordinal="0" offset="99" sl="330" sc="0" el="330" ec="0" bec="0" bev="0" fileid="31" />
                <SequencePoint vc="0" uspid="27954" ordinal="0" offset="107" sl="331" sc="0" el="331" ec="0" bec="0" bev="0" fileid="31" />
                <SequencePoint vc="0" uspid="27955" ordinal="0" offset="108" sl="332" sc="0" el="332" ec="0" bec="0" bev="0" fileid="31" />
                <SequencePoint vc="0" uspid="27956" ordinal="0" offset="114" sl="333" sc="0" el="333" ec="0" bec="0" bev="0" fileid="31" />
                <SequencePoint vc="0" uspid="27957" ordinal="0" offset="119" sl="333" sc="0" el="333" ec="0" bec="0" bev="0" fileid="31" />
                <SequencePoint vc="0" uspid="27958" ordinal="0" offset="120" sl="336" sc="0" el="336" ec="0" bec="0" bev="0" fileid="31" />
                <SequencePoint vc="0" uspid="27959" ordinal="0" offset="150" sl="336" sc="0" el="336" ec="0" bec="0" bev="0" fileid="31" />
                <SequencePoint vc="0" uspid="27960" ordinal="0" offset="151" sl="337" sc="0" el="337" ec="0" bec="0" bev="0" fileid="31" />
                <SequencePoint vc="0" uspid="27961" ordinal="0" offset="163" sl="338" sc="0" el="338" ec="0" bec="0" bev="0" fileid="31" />
                <SequencePoint vc="0" uspid="27962" ordinal="0" offset="164" sl="341" sc="0" el="341" ec="0" bec="0" bev="0" fileid="31" />
                <SequencePoint vc="0" uspid="27963" ordinal="0" offset="180" sl="342" sc="0" el="342" ec="0" bec="0" bev="0" fileid="31" />
                <SequencePoint vc="0" uspid="27964" ordinal="0" offset="181" sl="333" sc="0" el="333" ec="0" bec="0" bev="0" fileid="31" />
                <SequencePoint vc="0" uspid="27965" ordinal="0" offset="187" sl="333" sc="0" el="333" ec="0" bec="0" bev="0" fileid="31" />
                <SequencePoint vc="0" uspid="27966" ordinal="0" offset="204" sl="343" sc="0" el="343" ec="0" bec="0" bev="0" fileid="31" />
                <SequencePoint vc="0" uspid="27967" ordinal="0" offset="230" sl="344" sc="0" el="344" ec="0" bec="0" bev="0" fileid="31" />
                <SequencePoint vc="0" uspid="27968" ordinal="0" offset="231" sl="327" sc="0" el="327" ec="0" bec="0" bev="0" fileid="31" />
                <SequencePoint vc="0" uspid="27969" ordinal="0" offset="237" sl="327" sc="0" el="327" ec="0" bec="0" bev="0" fileid="31" />
                <SequencePoint vc="0" uspid="27970" ordinal="0" offset="252" sl="345" sc="0" el="345" ec="0" bec="0" bev="0" fileid="31" />
                <SequencePoint vc="0" uspid="27971" ordinal="0" offset="257" sl="346" sc="0" el="346" ec="0" bec="0" bev="0" fileid="31" />
              </SequencePoints>
              <BranchPoints />
            </Method>
            <Method visited="false" cyclomaticComplexity="0" nPathComplexity="0" sequenceCoverage="0.0" branchCoverage="0" crapScore="0" isConstructor="false" isStatic="true" isGetter="false" isSetter="false">
              <Summary numSequencePoints="8" visitedSequencePoints="0" numBranchPoints="0" visitedBranchPoints="0" sequenceCoverage="0.0" branchCoverage="0" maxCyclomaticComplexity="0" minCyclomaticComplexity="0" maxCrapScore="0" minCrapScore="0" visitedClasses="0" numClasses="0" visitedMethods="0" numMethods="1" />
              <MetadataToken>100663503</MetadataToken>
              <Name>static T Fusion.FusionBootstrapDebugGUI::GetAsset[T](System.String)</Name>
              <FileRef uid="31" />
              <SequencePoints>
                <SequencePoint vc="0" uspid="27972" ordinal="0" offset="0" sl="349" sc="0" el="349" ec="0" bec="0" bev="0" fileid="31" />
[...]
              <FileRef uid="109" />
              <SequencePoints>
                <SequencePoint vc="0" uspid="48100" ordinal="0" offset="0" sl="6190" sc="0" el="6190" ec="0" bec="0" bev="0" fileid="109" />
                <SequencePoint vc="0" uspid="48101" ordinal="0" offset="1" sl="6191" sc="0" el="6191" ec="0" bec="0" bev="0" fileid="109" />
                <SequencePoint vc="0" uspid="48102" ordinal="0" offset="13" sl="6192" sc="0" el="6192" ec="0" bec="0" bev="0" fileid="109" />
                <SequencePoint vc="0" uspid="48103" ordinal="0" offset="25" sl="6193" sc="0" el="6193" ec="0" bec="0" bev="0" fileid="109" />
                <SequencePoint vc="0" uspid="48104" ordinal="0" offset="33" sl="6194" sc="0" el="6194" ec="0" bec="0" bev="0" fileid="109" />
                <SequencePoint vc="0" uspid="48105" ordinal="0" offset="41" sl="6195" sc="0" el="6195" ec="0" bec="0" bev="0" fileid="109" />
                <SequencePoint vc="0" uspid="48106" ordinal="0" offset="45" sl="6196" sc="0" el="6196" ec="0" bec="0" bev="0" fileid="109" />
              </SequencePoints>
              <BranchPoints />
            </Method>
            <Method visited="false" cyclomaticComplexity="0" nPathComplexity="0" sequenceCoverage="0.0" branchCoverage="0" crapScore="0" isConstructor="false" isStatic="true" isGetter="false" isSetter="false">
              <Summary numSequencePoints="11" visitedSequencePoints="0" numBranchPoints="0" visitedBranchPoints="0" sequenceCoverage="0.0" branchCoverage="0" maxCyclomaticComplexity="0" minCyclomaticComplexity="0" maxCrapScore="0" minCrapScore="0" visitedClasses="0" numClasses="0" visitedMethods="0" numMethods="1" />
              <MetadataToken>100663687</MetadataToken>
              <Name>static Mono.Cecil.MethodReference Fusion.CodeGen.MonoCecilExtensions::ImportMethod[TResult](Mono.Cecil.ModuleDefinition, System.Linq.Expressions.Expression[Func`1], Mono.Cecil.TypeReference)</Name>
              <FileRef uid="109" />
              <SequencePoints>
                <SequencePoint vc="0" uspid="48107" ordinal="0" offset="0" sl="6198" sc="0" el="6198" ec="0" bec="0" bev="0" fileid="109" />
                <SequencePoint vc="0" uspid="48108" ordinal="0" offset="1" sl="6200" sc="0" el="6200" ec="0" bec="0" bev="0" fileid="109" />
                <SequencePoint vc="0" uspid="48109" ordinal="0" offset="39" sl="6202" sc="0" el="6202" ec="0" bec="0" bev="0" fileid="109" />
                <SequencePoint vc="0" uspid="48110" ordinal="0" offset="46" sl="6203" sc="0" el="6203" ec="0" bec="0" bev="0" fileid="109" />
                <SequencePoint vc="0" uspid="48111" ordinal="0" offset="50" sl="6205" sc="0" el="6205" ec="0" bec="0" bev="0" fileid="109" />
                <SequencePoint vc="0" uspid="48112" ordinal="0" offset="57" sl="6206" sc="0" el="6206" ec="0" bec="0" bev="0" fileid="109" />
                <SequencePoint vc="0" uspid="48113" ordinal="0" offset="59" sl="6208" sc="0" el="6208" ec="0" bec="0" bev="0" fileid="109" />
                <SequencePoint vc="0" uspid="48114" ordinal="0" offset="86" sl="6211" sc="0" el="6211" ec="0" bec="0" bev="0" fileid="109" />
                <SequencePoint vc="0" uspid="48115" ordinal="0" offset="94" sl="6212" sc="0" el="6212" ec="0" bec="0" bev="0" fileid="109" />
                <SequencePoint vc="0" uspid="48116" ordinal="0" offset="102" sl="6213" sc="0" el="6213" ec="0" bec="0" bev="0" fileid="109" />
                <SequencePoint vc="0" uspid="48117" ordinal="0" offset="107" sl="6214" sc="0" el="6214" ec="0" bec="0" bev="0" fileid="109" />
              </SequencePoints>
              <BranchPoints />
            </Method>
            <Method visited="false" cyclomaticComplexity="0" nPathComplexity="0" sequenceCoverage="0.0" branchCoverage="0" crapScore="0" isConstructor="false" isStatic="true" isGetter="false" isSetter="false">
              <Summary numSequencePoints="6" visitedSequencePoints="0" numBranchPoints="0" visitedBranchPoints="0" sequenceCoverage="0.0" branchCoverage="0" maxCyclomaticComplexity="0" minCyclomaticComplexity="0" maxCrapScore="0" minCrapScore="0" visitedClasses="0" numClasses="0" visitedMethods="0" numMethods="1" />
              <MetadataToken>100663688</MetadataToken>
              <Name>static Mono.Cecil.MethodReference Fusion.CodeGen.MonoCecilExtensions::ImportMethod[T, TResult](Mono.Cecil.ModuleDefinition, System.Linq.Expressions.Expression[Func`2], Mono.Cecil.TypeReference)</Name>
              <FileRef uid="109" />
              <SequencePoints>
                <SequencePoint vc="0" uspid="48118" ordinal="0" offset="0" sl="6216" sc="0" el="6216" ec="0" bec="0" bev="0" fileid="109" />
                <SequencePoint vc="0" uspid="48119" ordinal="0" offset="1" sl="6217" sc="0" el="6217" ec="0" bec="0" bev="0" fileid="109" />
                <SequencePoint vc="0" uspid="48120" ordinal="0" offset="13" sl="6218" sc="0" el="6218" ec="0" bec="0" bev="0" fileid="109" />
                <SequencePoint vc="0" uspid="48121" ordinal="0" offset="26" sl="6219" sc="0" el="6219" ec="0" bec="0" bev="0" fileid="109" />
                <SequencePoint vc="0" uspid="48122" ordinal="0" offset="34" sl="6220" sc="0" el="6220" ec="0" bec="0" bev="0" fileid="109" />
                <SequencePoint vc="0" uspid="48123" ordinal="0" offset="38" sl="6221" sc="0" el="6221" ec="0" bec="0" bev="0" fileid="109" />
              </SequencePoints>
              <BranchPoints />
            </Method>
            <Method visited="false" cyclomaticComplexity="0" nPathComplexity="0" sequenceCoverage="0.0" branchCoverage="0" crapScore="0" isConstructor="false" isStatic="true" isGetter="false" isSetter="false">
              <Summary numSequencePoints="6" visitedSequencePoints="0" numBranchPoints="0" visitedBranchPoints="0" sequenceCoverage="0.0" branchCoverage="0" maxCyclomaticComplexity="0" minCyclomaticComplexity="0" maxCrapScore="0" minCrapScore="0" visitedClasses="0" numClasses="0" visitedMethods="0" numMethods="1" />
              <MetadataToken>100663689</MetadataToken>
              <Name>static Mono.Cecil.MethodReference Fusion.CodeGen.MonoCecilExtensions::ImportMethod[T](Mono.Cecil.ModuleDefinition, System.Linq.Expressions.Expression[Action`1], Mono.Cecil.TypeReference)</Name>
              <FileRef uid="109" />
              <SequencePoints>
                <SequencePoint vc="0" uspid="48124" ordinal="0" offset="0" sl="6223" sc="0" el="6223" ec="0" bec="0" bev="0" fileid="109" />
                <SequencePoint vc="0" uspid="48125" ordinal="0" offset="1" sl="6224" sc="0" el="6224" ec="0" bec="0" bev="0" fileid="109" />
                <SequencePoint vc="0" uspid="48126" ordinal="0" offset="13" sl="6225" sc="0" el="6225" ec="0" bec="0" bev="0" fileid="109" />
                <SequencePoint vc="0" uspid="48127" ordinal="0" offset="26" sl="6226" sc="0" el="6226" ec="0" bec="0" bev="0" fileid="109" />
                <SequencePoint vc="0" uspid="48128" ordinal="0" offset="34" sl="6227" sc="0" el="6227" ec="0" bec="0" bev="0" fileid="109" />
                <SequencePoint vc="0" uspid="48129" ordinal="0" offset="38" sl="6228" sc="0" el="6228" ec="0" bec="0" bev="0" fileid="109" />
              </SequencePoints>
              <BranchPoints />
            </Method>
            <Method visited="false" cyclomaticComplexity="0" nPathComplexity="0" sequenceCoverage="0.0" branchCoverage="0" crapScore="0" isConstructor="false" isStatic="true" isGetter="false" isSetter="false">
              <Summary numSequencePoints="3" visitedSequencePoints="0" numBranchPoints="0" visitedBranchPoints="0" sequenceCoverage="0.0" branchCoverage="0" maxCyclomaticComplexity="0" minCyclomaticComplexity="0" maxCrapScore="0" minCrapScore="0" visitedClasses="0" numClasses="0" visitedMethods="0" numMethods="1" />
              <MetadataToken>100663692</MetadataToken>
              <Name>static Mono.Cecil.TypeReference Fusion.CodeGen.MonoCecilExtensions::ImportType[T](Mono.Cecil.ModuleDefinition)</Name>
              <FileRef uid="109" />
              <SequencePoints>
                <SequencePoint vc="0" uspid="48167" ordinal="0" offset="0" sl="6269" sc="0" el="6269" ec="0" bec="0" bev="0" fileid="109" />
                <SequencePoint vc="0" uspid="48168" ordinal="0" offset="1" sl="6270" sc="0" el="6270" ec="0" bec="0" bev="0" fileid="109" />
                <SequencePoint vc="0" uspid="48169" ordinal="0" offset="20" sl="6271" sc="0" el="6271" ec="0" bec="0" bev="0" fileid="109" />
              </SequencePoints>
              <BranchPoints />
            </Method>
          </Methods>
        </Class>
        <Class>
          <Summary numSequencePoints="18" visitedSequencePoints="0" numBranchPoints="0" visitedBranchPoints="0" sequenceCoverage="0.0" branchCoverage="0.0" maxCyclomaticComplexity="0" minCyclomaticComplexity="0" maxCrapScore="0" minCrapScore="0" visitedClasses="0" numClasses="1" visitedMethods="0" numMethods="3" />
          <FullName>Fusion.CodeGen.NetworkTypeInfoRegistry</FullName>
          <Methods>
            <Method visited="false" cyclomaticComplexity="0" nPathComplexity="0" sequenceCoverage="0.0" branchCoverage="0" crapScore="0" isConstructor="false" isStatic="false" isGetter="false" isSetter="false">
              <Summary numSequencePoints="1" visitedSequencePoints="0" numBranchPoints="0" visitedBranchPoints="0" sequenceCoverage="0.0" branchCoverage="0" maxCyclomaticComplexity="0" minCyclomaticComplexity="0" maxCrapScore="0" minCrapScore="0" visitedClasses="0" numClasses="0" visitedMethods="0" numMethods="1" />
              <MetadataToken>100663729</MetadataToken>
              <Name>Fusion.CodeGen.NetworkTypeInfo Fusion.CodeGen.NetworkTypeInfoRegistry::GetInfo[T]()</Name>
              <FileRef uid="109" />
              <SequencePoints>
                <SequencePoint vc="0" uspid="48414" ordinal="0" offset="0" sl="6659" sc="0" el="6659" ec="0" bec="0" bev="0" fileid="109" />
              </SequencePoints>
              <BranchPoints />
            </Method>
            <Method visited="false" cyclomaticComplexity="0" nPathComplexity="0" sequenceCoverage="0.0" branchCoverage="0" crapScore="0" isConstructor="false" isStatic="false" isGetter="false" isSetter="false">
              <Summary numSequencePoints="14" visitedSequencePoints="0" numBranchPoints="0" visitedBranchPoints="0" sequenceCoverage="0.0" branchCoverage="0" maxCyclomaticComplexity="0" minCyclomaticComplexity="0" maxCrapScore="0" minCrapScore="0" visitedClasses="0" numClasses="0" visitedMethods="0" numMethods="1" />
              <MetadataToken>100663741</MetadataToken>
              <Name>System.Void Fusion.CodeGen.NetworkTypeInfoRegistry::AddBuiltInType[T](Mono.Cecil.MethodReference, Mono.Cecil.MethodReference, System.Boolean)</Name>
              <FileRef uid="109" />
              <SequencePoints>
                <SequencePoint vc="0" uspid="48578" ordinal="0" offset="20" sl="7070" sc="0" el="7070" ec="0" bec="0" bev="0" fileid="109" />
                <SequencePoint vc="0" uspid="48579" ordinal="0" offset="21" sl="7072" sc="0" el="7072" ec="0" bec="0" bev="0" fileid="109" />
                <SequencePoint vc="0" uspid="48580" ordinal="0" offset="43" sl="7074" sc="0" el="7074" ec="0" bec="0" bev="0" fileid="109" />
                <SequencePoint vc="0" uspid="48581" ordinal="0" offset="50" sl="7075" sc="0" el="7075" ec="0" bec="0" bev="0" fileid="109" />
                <SequencePoint vc="0" uspid="48582" ordinal="0" offset="65" sl="7077" sc="0" el="7077" ec="0" bec="0" bev="0" fileid="109" />
                <SequencePoint vc="0" uspid="48583" ordinal="0" offset="78" sl="7077" sc="0" el="7077" ec="0" bec="0" bev="0" fileid="109" />
                <SequencePoint vc="0" uspid="48584" ordinal="0" offset="79" sl="7078" sc="0" el="7078" ec="0" bec="0" bev="0" fileid="109" />
                <SequencePoint vc="0" uspid="48585" ordinal="0" offset="102" sl="7079" sc="0" el="7079" ec="0" bec="0" bev="0" fileid="109" />
                <SequencePoint vc="0" uspid="48586" ordinal="0" offset="103" sl="7080" sc="0" el="7080" ec="0" bec="0" bev="0" fileid="109" />
                <SequencePoint vc="0" uspid="48587" ordinal="0" offset="118" sl="7080" sc="0" el="7080" ec="0" bec="0" bev="0" fileid="109" />
                <SequencePoint vc="0" uspid="48588" ordinal="0" offset="119" sl="7081" sc="0" el="7081" ec="0" bec="0" bev="0" fileid="109" />
                <SequencePoint vc="0" uspid="48589" ordinal="0" offset="142" sl="7082" sc="0" el="7082" ec="0" bec="0" bev="0" fileid="109" />
                <SequencePoint vc="0" uspid="48590" ordinal="0" offset="143" sl="7084" sc="0" el="7084" ec="0" bec="0" bev="0" fileid="109" />
                <SequencePoint vc="0" uspid="48591" ordinal="0" offset="225" sl="7098" sc="0" el="7098" ec="0" bec="0" bev="0" fileid="109" />
              </SequencePoints>
              <BranchPoints />
            </Method>
            <Method visited="false" cyclomaticComplexity="0" nPathComplexity="0" sequenceCoverage="0.0" branchCoverage="0" crapScore="0" isConstructor="false" isStatic="false" isGetter="false" isSetter="false">
              <Summary numSequencePoints="3" visitedSequencePoints="0" numBranchPoints="0" visitedBranchPoints="0" sequenceCoverage="0.0" branchCoverage="0" maxCyclomaticComplexity="0" minCyclomaticComplexity="0" maxCrapScore="0" minCrapScore="0" visitedClasses="0" numClasses="0" visitedMethods="0" numMethods="1" />
              <MetadataToken>100663742</MetadataToken>
              <Name>System.Void Fusion.CodeGen.NetworkTypeInfoRegistry::AddUnityType[T]()</Name>
              <FileRef uid="109" />
              <SequencePoints>
                <SequencePoint vc="0" uspid="48592" ordinal="0" offset="0" sl="7101" sc="0" el="7101" ec="0" bec="0" bev="0" fileid="109" />
                <SequencePoint vc="0" uspid="48593" ordinal="0" offset="1" sl="7102" sc="0" el="7102" ec="0" bec="0" bev="0" fileid="109" />
                <SequencePoint vc="0" uspid="48594" ordinal="0" offset="44" sl="7103" sc="0" el="7103" ec="0" bec="0" bev="0" fileid="109" />
              </SequencePoints>
              <BranchPoints />
            </Method>
          </Methods>
        </Class>
        <Class>
          <Summary numSequencePoints="1" visitedSequencePoints="0" numBranchPoints="0" visitedBranchPoints="0" sequenceCoverage="0.0" branchCoverage="0.0" maxCyclomaticComplexity="0" minCyclomaticComplexity="0" maxCrapScore="0" minCrapScore="0" visitedClasses="0" numClasses="1" visitedMethods="0" numMethods="1" />
          <FullName>Fusion.CodeGen.MonoCecilExtensions&lt;&gt;c__DisplayClass11_0[T]</FullName>
          <Methods>
            <Method visited="false" cyclomaticComplexity="0" nPathComplexity="0" sequenceCoverage="0.0" branchCoverage="0" crapScore="0" isConstructor="false" isStatic="false" isGetter="false" isSetter="false">
              <Summary numSequencePoints="1" visitedSequencePoints="0" numBranchPoints="0" visitedBranchPoints="0" sequenceCoverage="0.0" branchCoverage="0" maxCyclomaticComplexity="0" minCyclomaticComplexity="0" maxCrapScore="0" minCrapScore="0" visitedClasses="0" numClasses="0" visitedMethods="0" numMethods="1" />
              <MetadataToken>100663891</MetadataToken>
              <Name>System.Boolean Fusion.CodeGen.MonoCecilExtensions&lt;&gt;c__DisplayClass11_0[T]::&lt;TryGetAttributeProperty&gt;b__0(Mono.Cecil.CustomAttributeNamedArgument)</Name>
              <FileRef uid="109" />
              <SequencePoints>
                <SequencePoint vc="0" uspid="49099" ordinal="0" offset="0" sl="6050" sc="0" el="6050" ec="0" bec="0" bev="0" fileid="109" />
              </SequencePoints>
              <BranchPoints />
            </Method>
          </Methods>
        </Class>
        <Class>
          <Summary numSequencePoints="11" visitedSequencePoints="0" numBranchPoints="0" visitedBranchPoints="0" sequenceCoverage="0.0" branchCoverage="0.0" maxCyclomaticComplexity="0" minCyclomaticComplexity="0" maxCrapScore="0" minCrapScore="0" visitedClasses="0" numClasses="1" visitedMethods="0" numMethods="2" />
          <FullName>Fusion.CodeGen.NetworkTypeInfoRegistry&lt;&gt;c__DisplayClass31_0[T]</FullName>
          <Methods>
            <Method visited="false" cyclomaticComplexity="0" nPathComplexity="0" sequenceCoverage="0.0" branchCoverage="0" crapScore="0" isConstructor="false" isStatic="false" isGetter="false" isSetter="false">
              <Summary numSequencePoints="5" visitedSequencePoints="0" numBranchPoints="0" visitedBranchPoints="0" sequenceCoverage="0.0" branchCoverage="0" maxCyclomaticComplexity="0" minCyclomaticComplexity="0" maxCrapScore="0" minCrapScore="0" visitedClasses="0" numClasses="0" visitedMethods="0" numMethods="1" />
              <MetadataToken>100663969</MetadataToken>
              <Name>System.Void Fusion.CodeGen.NetworkTypeInfoRegistry&lt;&gt;c__DisplayClass31_0[T]::&lt;AddBuiltInType&gt;b__0(Mono.Cecil.ICustomAttributeProvider, Mono.Cecil.Cil.ILProcessor, Fusion.CodeGen.MethodContext)</Name>
              <FileRef uid="109" />
              <SequencePoints>
                <SequencePoint vc="0" uspid="49294" ordinal="0" offset="0" sl="7085" sc="0" el="7085" ec="0" bec="0" bev="0" fileid="109" />
                <SequencePoint vc="0" uspid="49295" ordinal="0" offset="1" sl="7086" sc="0" el="7086" ec="0" bec="0" bev="0" fileid="109" />
                <SequencePoint vc="0" uspid="49296" ordinal="0" offset="17" sl="7087" sc="0" el="7087" ec="0" bec="0" bev="0" fileid="109" />
                <SequencePoint vc="0" uspid="49297" ordinal="0" offset="35" sl="7088" sc="0" el="7088" ec="0" bec="0" bev="0" fileid="109" />
                <SequencePoint vc="0" uspid="49298" ordinal="0" offset="57" sl="7089" sc="0" el="7089" ec="0" bec="0" bev="0" fileid="109" />
              </SequencePoints>
              <BranchPoints />
            </Method>
            <Method visited="false" cyclomaticComplexity="0" nPathComplexity="0" sequenceCoverage="0.0" branchCoverage="0" crapScore="0" isConstructor="false" isStatic="false" isGetter="false" isSetter="false">
              <Summary numSequencePoints="6" visitedSequencePoints="0" numBranchPoints="0" visitedBranchPoints="0" sequenceCoverage="0.0" branchCoverage="0" maxCyclomaticComplexity="0" minCyclomaticComplexity="0" maxCrapScore="0" minCrapScore="0" visitedClasses="0" numClasses="0" visitedMethods="0" numMethods="1" />
              <MetadataToken>100663970</MetadataToken>
              <Name>System.Void Fusion.CodeGen.NetworkTypeInfoRegistry&lt;&gt;c__DisplayClass31_0[T]::&lt;AddBuiltInType&gt;b__1(Mono.Cecil.ICustomAttributeProvider, Mono.Cecil.Cil.ILProcessor, Fusion.CodeGen.MethodContext)</Name>
              <FileRef uid="109" />
              <SequencePoints>
                <SequencePoint vc="0" uspid="49299" ordinal="0" offset="0" sl="7090" sc="0" el="7090" ec="0" bec="0" bev="0" fileid="109" />
                <SequencePoint vc="0" uspid="49300" ordinal="0" offset="1" sl="7091" sc="0" el="7091" ec="0" bec="0" bev="0" fileid="109" />
                <SequencePoint vc="0" uspid="49301" ordinal="0" offset="17" sl="7092" sc="0" el="7092" ec="0" bec="0" bev="0" fileid="109" />
                <SequencePoint vc="0" uspid="49302" ordinal="0" offset="33" sl="7093" sc="0" el="7093" ec="0" bec="0" bev="0" fileid="109" />
                <SequencePoint vc="0" uspid="49303" ordinal="0" offset="51" sl="7094" sc="0" el="7094" ec="0" bec="0" bev="0" fileid="109" />
                <SequencePoint vc="0" uspid="49304" ordinal="0" offset="73" sl="7095" sc="0" el="7095" ec="0" bec="0" bev="0" fileid="109" />
              </SequencePoints>
              <BranchPoints />
            </Method>
          </Methods>
        </Class>
      </Classes>
    </Module>
  </Modules>
</CoverageSession>